<?xml version="1.0" encoding="UTF-8"?>
<!-- Generated by org.testng.reporters.JUnitReportReporter -->
<testsuite hostname="DESKTOP-2ODO8DJ" failures="0" tests="5" name="com.EIDSA.testCases.TC_037_Forms_Positive" time="60.132" errors="0" timestamp="2023-04-25T04:12:36 IST" skipped="0">
  <testcase classname="com.EIDSA.testCases.TC_037_Forms_Positive" name="siteCodeSearch" time="12.987"/>
  <system-out/>
  <testcase classname="com.EIDSA.testCases.TC_037_Forms_Positive" name="subjectIdSearch" time="17.417"/>
  <system-out/>
  <testcase classname="com.EIDSA.testCases.TC_037_Forms_Positive" name="VisitNameSearch" time="14.798"/>
  <system-out/>
  <testcase classname="com.EIDSA.testCases.TC_037_Forms_Positive" name="statusSearch" time="9.462"/>
  <system-out/>
  <testcase classname="com.EIDSA.testCases.TC_037_Forms_Positive" name="clickView" time="5.468"/>
  <system-out/>
</testsuite> <!-- com.EIDSA.testCases.TC_037_Forms_Positive -->
