<?xml version="1.0" encoding="UTF-8"?>
<!-- Generated by org.testng.reporters.JUnitReportReporter -->
<testsuite hostname="DESKTOP-2ODO8DJ" failures="0" tests="1" name="com.EIDSA.testCases.TC_007_rolePrivilege_Positive" time="26.656" errors="0" timestamp="2023-11-21T15:29:29 IST" skipped="0">
  <testcase classname="com.EIDSA.testCases.TC_007_rolePrivilege_Positive" name="RolePrivilege" time="26.656"/>
</testsuite> <!-- com.EIDSA.testCases.TC_007_rolePrivilege_Positive -->
