<?xml version="1.0" encoding="UTF-8"?>
<!-- Generated by org.testng.reporters.JUnitReportReporter -->
<testsuite hostname="DM-LT5" failures="0" tests="17" name="com.EIDSA.testCases.TC_009_StudyProfile_Positive" time="409.690" errors="0" timestamp="2024-06-06T08:38:50 IST" skipped="0">
  <testcase classname="com.EIDSA.testCases.TC_009_StudyProfile_Positive" name="createTemplate" time="111.055"/>
  <system-out/>
  <testcase classname="com.EIDSA.testCases.TC_009_StudyProfile_Positive" name="userPrivilege" time="31.136"/>
  <system-out/>
  <testcase classname="com.EIDSA.testCases.TC_009_StudyProfile_Positive" name="createNewVersion" time="40.851"/>
  <system-out/>
  <testcase classname="com.EIDSA.testCases.TC_009_StudyProfile_Positive" name="retireForm" time="15.949"/>
  <system-out/>
  <testcase classname="com.EIDSA.testCases.TC_009_StudyProfile_Positive" name="createVisit" time="38.219"/>
  <system-out/>
  <testcase classname="com.EIDSA.testCases.TC_009_StudyProfile_Positive" name="assignTemplate" time="11.609"/>
  <system-out/>
  <testcase classname="com.EIDSA.testCases.TC_009_StudyProfile_Positive" name="editVisit" time="11.952"/>
  <system-out/>
  <testcase classname="com.EIDSA.testCases.TC_009_StudyProfile_Positive" name="deleteVisit" time="8.991"/>
  <system-out/>
  <testcase classname="com.EIDSA.testCases.TC_009_StudyProfile_Positive" name="createSite" time="8.838"/>
  <system-out/>
  <testcase classname="com.EIDSA.testCases.TC_009_StudyProfile_Positive" name="createSite" time="8.680"/>
  <system-out/>
  <testcase classname="com.EIDSA.testCases.TC_009_StudyProfile_Positive" name="siteEdit" time="25.294"/>
  <system-out/>
  <testcase classname="com.EIDSA.testCases.TC_009_StudyProfile_Positive" name="siteDelete" time="17.437"/>
  <system-out/>
  <testcase classname="com.EIDSA.testCases.TC_009_StudyProfile_Positive" name="createSubject" time="18.313"/>
  <system-out/>
  <testcase classname="com.EIDSA.testCases.TC_009_StudyProfile_Positive" name="createSubject" time="17.952"/>
  <system-out/>
  <testcase classname="com.EIDSA.testCases.TC_009_StudyProfile_Positive" name="SubjectEdit" time="15.508"/>
  <system-out/>
  <testcase classname="com.EIDSA.testCases.TC_009_StudyProfile_Positive" name="schedule" time="12.317"/>
  <system-out/>
  <testcase classname="com.EIDSA.testCases.TC_009_StudyProfile_Positive" name="delete" time="15.589"/>
  <system-out/>
</testsuite> <!-- com.EIDSA.testCases.TC_009_StudyProfile_Positive -->
