<?xml version="1.0" encoding="UTF-8"?>
<!-- Generated by org.testng.reporters.JUnitReportReporter -->
<testsuite hostname="DESKTOP-2ODO8DJ" failures="0" tests="2" name="com.EIDSA.testCases.TC_066_FormTransfer_Positive" time="103.480" errors="0" timestamp="2023-05-03T18:10:30 IST" skipped="0">
  <testcase classname="com.EIDSA.testCases.TC_066_FormTransfer_Positive" name="FormTransfer" time="49.455"/>
  <system-out/>
  <testcase classname="com.EIDSA.testCases.TC_066_FormTransfer_Positive" name="FormTransfer2" time="54.025"/>
  <system-out/>
</testsuite> <!-- com.EIDSA.testCases.TC_066_FormTransfer_Positive -->
