<?xml version="1.0" encoding="UTF-8"?>
<!-- Generated by org.testng.reporters.JUnitReportReporter -->
<testsuite hostname="DESKTOP-2ODO8DJ" failures="0" tests="1" name="com.EIDSA.testCases.TC_001_loginTest_Positive" time="23.286" errors="0" timestamp="2023-11-21T12:21:01 IST" skipped="0">
  <testcase classname="com.EIDSA.testCases.TC_001_loginTest_Positive" name="LoginTest" time="23.286"/>
</testsuite> <!-- com.EIDSA.testCases.TC_001_loginTest_Positive -->
