<?xml version="1.0" encoding="UTF-8"?>
<!-- Generated by org.testng.reporters.JUnitReportReporter -->
<testsuite hostname="DESKTOP-2ODO8DJ" failures="0" tests="1" name="com.EIDSA.testCases.TC_063_GeneralQuery_Negative" time="14.278" errors="0" timestamp="2023-05-03T12:24:41 IST" skipped="0">
  <testcase classname="com.EIDSA.testCases.TC_063_GeneralQuery_Negative" name="Negative1" time="14.278"/>
  <system-out/>
</testsuite> <!-- com.EIDSA.testCases.TC_063_GeneralQuery_Negative -->
