<?xml version="1.0" encoding="UTF-8"?>
<!-- Generated by org.testng.reporters.JUnitReportReporter -->
<testsuite hostname="DM-LT5" failures="0" tests="5" name="com.EIDSA.testCases.TC_021_Queries" time="123.824" errors="0" timestamp="2024-06-19T11:30:35 IST" skipped="0">
  <testcase classname="com.EIDSA.testCases.TC_021_Queries" name="generalQuery" time="31.282"/>
  <system-out/>
  <testcase classname="com.EIDSA.testCases.TC_021_Queries" name="reply" time="25.077"/>
  <system-out/>
  <testcase classname="com.EIDSA.testCases.TC_021_Queries" name="replyAndClose" time="20.688"/>
  <system-out/>
  <testcase classname="com.EIDSA.testCases.TC_021_Queries" name="ViewForm" time="9.470"/>
  <system-out/>
  <testcase classname="com.EIDSA.testCases.TC_021_Queries" name="exportPdf" time="37.307"/>
  <system-out/>
</testsuite> <!-- com.EIDSA.testCases.TC_021_Queries -->
