<?xml version="1.0" encoding="UTF-8"?>
<!-- Generated by org.testng.reporters.JUnitReportReporter -->
<testsuite hostname="DESKTOP-2ODO8DJ" failures="0" tests="1" name="com.EIDSA.testCases.TC_017_study_Negative" time="17.624" errors="0" timestamp="2023-04-03T15:28:18 IST" skipped="0">
  <testcase classname="com.EIDSA.testCases.TC_017_study_Negative" name="Study_negative" time="17.624"/>
  <system-out/>
</testsuite> <!-- com.EIDSA.testCases.TC_017_study_Negative -->
