<?xml version="1.0" encoding="UTF-8"?>
<!-- Generated by org.testng.reporters.JUnitReportReporter -->
<testsuite hostname="DESKTOP-2ODO8DJ" failures="0" tests="1" name="com.EIDSA.testCases.TC_062_SubjectTransfer_Negative" time="37.762" errors="0" timestamp="2023-05-17T13:55:43 IST" skipped="0">
  <testcase classname="com.EIDSA.testCases.TC_062_SubjectTransfer_Negative" name="SubjectTransfer" time="37.762"/>
  <system-out/>
</testsuite> <!-- com.EIDSA.testCases.TC_062_SubjectTransfer_Negative -->
