<?xml version="1.0" encoding="UTF-8"?>
<!-- Generated by org.testng.reporters.JUnitReportReporter -->
<testsuite hostname="DESKTOP-2ODO8DJ" failures="0" tests="2" name="com.EIDSA.testCases.TC_051_Template_Positive" time="84.536" errors="0" timestamp="2023-05-17T12:33:52 IST" skipped="0">
  <testcase classname="com.EIDSA.testCases.TC_051_Template_Positive" name="TemplateSearchValidation" time="37.526"/>
  <system-out/>
  <testcase classname="com.EIDSA.testCases.TC_051_Template_Positive" name="translate" time="47.010"/>
  <system-out/>
</testsuite> <!-- com.EIDSA.testCases.TC_051_Template_Positive -->
