<?xml version="1.0" encoding="UTF-8"?>
<!-- Generated by org.testng.reporters.JUnitReportReporter -->
<testsuite hostname="DESKTOP-2ODO8DJ" failures="0" tests="1" name="com.EIDSA.testCases.TC_060_GeneralQuery_Negative" time="18.356" errors="0" timestamp="2023-05-17T13:35:16 IST" skipped="0">
  <testcase classname="com.EIDSA.testCases.TC_060_GeneralQuery_Negative" name="Negative1" time="18.356"/>
  <system-out/>
</testsuite> <!-- com.EIDSA.testCases.TC_060_GeneralQuery_Negative -->
