<?xml version="1.0" encoding="UTF-8"?>
<!-- Generated by org.testng.reporters.JUnitReportReporter -->
<testsuite hostname="DESKTOP-2ODO8DJ" failures="0" tests="1" name="com.EIDSA.testCases.TC_003_forgotPassword_Positive" time="12.342" errors="0" timestamp="2023-04-25T10:30:12 IST" skipped="0">
  <testcase classname="com.EIDSA.testCases.TC_003_forgotPassword_Positive" name="forgotPassword_positive" time="12.342"/>
  <system-out/>
</testsuite> <!-- com.EIDSA.testCases.TC_003_forgotPassword_Positive -->
