<?xml version="1.0" encoding="UTF-8"?>
<!-- Generated by org.testng.reporters.JUnitReportReporter -->
<testsuite hostname="DESKTOP-2ODO8DJ" failures="0" tests="2" name="com.EIDSA.testCases.TC_053_DataEntry_Negative" time="84.661" errors="0" timestamp="2023-04-27T11:26:44 IST" skipped="0">
  <testcase classname="com.EIDSA.testCases.TC_053_DataEntry_Negative" name="negative1" time="43.861"/>
  <system-out/>
  <testcase classname="com.EIDSA.testCases.TC_053_DataEntry_Negative" name="negative2" time="40.800"/>
  <system-out/>
</testsuite> <!-- com.EIDSA.testCases.TC_053_DataEntry_Negative -->
