<?xml version="1.0" encoding="UTF-8"?>
<!-- Generated by org.testng.reporters.JUnitReportReporter -->
<testsuite hostname="DESKTOP-2ODO8DJ" failures="0" tests="1" name="com.EIDSA.testCases.TC_025_PatientLogin_Negative" time="32.477" errors="0" timestamp="2023-04-18T16:09:39 IST" skipped="0">
  <testcase classname="com.EIDSA.testCases.TC_025_PatientLogin_Negative" name="PatientLogin_Negative" time="32.477"/>
  <system-out/>
</testsuite> <!-- com.EIDSA.testCases.TC_025_PatientLogin_Negative -->
