<?xml version="1.0" encoding="UTF-8"?>
<!-- Generated by org.testng.reporters.JUnitReportReporter -->
<testsuite hostname="DESKTOP-2ODO8DJ" failures="0" tests="5" name="com.EIDSA.testCases.TC_058_AllQuery_Positive" time="144.060" errors="0" timestamp="2023-05-17T13:28:45 IST" skipped="0">
  <testcase classname="com.EIDSA.testCases.TC_058_AllQuery_Positive" name="QueryIdSearch" time="31.915"/>
  <system-out/>
  <testcase classname="com.EIDSA.testCases.TC_058_AllQuery_Positive" name="siteCodeSearch" time="32.052"/>
  <system-out/>
  <testcase classname="com.EIDSA.testCases.TC_058_AllQuery_Positive" name="subjectIdSearch" time="32.611"/>
  <system-out/>
  <testcase classname="com.EIDSA.testCases.TC_058_AllQuery_Positive" name="queryStatusSearch" time="32.762"/>
  <system-out/>
  <testcase classname="com.EIDSA.testCases.TC_058_AllQuery_Positive" name="View" time="14.720"/>
  <system-out/>
</testsuite> <!-- com.EIDSA.testCases.TC_058_AllQuery_Positive -->
