<?xml version="1.0" encoding="UTF-8"?>
<!-- Generated by org.testng.reporters.JUnitReportReporter -->
<testsuite hostname="DESKTOP-2ODO8DJ" failures="0" tests="3" name="com.EIDSA.testCases.TC_010_Users_Negative" time="57.990" errors="0" timestamp="2023-11-23T09:27:18 IST" skipped="0">
  <testcase classname="com.EIDSA.testCases.TC_010_Users_Negative" name="negativeTest1" time="16.908"/>
  <testcase classname="com.EIDSA.testCases.TC_010_Users_Negative" name="negativeTest2" time="20.643"/>
  <testcase classname="com.EIDSA.testCases.TC_010_Users_Negative" name="negativeTest3" time="20.439"/>
</testsuite> <!-- com.EIDSA.testCases.TC_010_Users_Negative -->
