<?xml version="1.0" encoding="UTF-8"?>
<!-- Generated by org.testng.reporters.JUnitReportReporter -->
<testsuite hostname="DESKTOP-2ODO8DJ" failures="0" tests="4" name="com.EIDSA.testCases.TC_038_FormsInReview_Positive" time="46.921" errors="0" timestamp="2023-04-25T05:04:17 IST" skipped="0">
  <testcase classname="com.EIDSA.testCases.TC_038_FormsInReview_Positive" name="siteCodeSearch" time="11.750"/>
  <system-out/>
  <testcase classname="com.EIDSA.testCases.TC_038_FormsInReview_Positive" name="subjectIdSearch" time="17.120"/>
  <system-out/>
  <testcase classname="com.EIDSA.testCases.TC_038_FormsInReview_Positive" name="VisitNameSearch" time="12.450"/>
  <system-out/>
  <testcase classname="com.EIDSA.testCases.TC_038_FormsInReview_Positive" name="clickView" time="5.601"/>
  <system-out/>
</testsuite> <!-- com.EIDSA.testCases.TC_038_FormsInReview_Positive -->
