<?xml version="1.0" encoding="UTF-8"?>
<!-- Generated by org.testng.reporters.JUnitReportReporter -->
<testsuite hostname="DM-LT8" failures="0" tests="3" name="com.EIDSA.testCases.TC_005_Roles_Positive" time="49.487" errors="0" timestamp="2024-04-16T16:28:01 IST" skipped="0">
  <testcase classname="com.EIDSA.testCases.TC_005_Roles_Positive" name="roleCreation" time="19.029"/>
  <system-out/>
  <testcase classname="com.EIDSA.testCases.TC_005_Roles_Positive" name="roleEdit" time="18.984"/>
  <system-out/>
  <testcase classname="com.EIDSA.testCases.TC_005_Roles_Positive" name="roleDelete" time="11.474"/>
  <system-out/>
</testsuite> <!-- com.EIDSA.testCases.TC_005_Roles_Positive -->
