<?xml version="1.0" encoding="UTF-8"?>
<!-- Generated by org.testng.reporters.JUnitReportReporter -->
<testsuite hostname="DM-LT8" failures="0" tests="15" name="com.EIDSA.testCases.TC_009_StudyProfile_Positive" time="321.873" errors="0" timestamp="2024-04-19T13:13:30 IST" skipped="0">
  <testcase classname="com.EIDSA.testCases.TC_009_StudyProfile_Positive" name="createTemplate" time="106.085"/>
  <system-out/>
  <testcase classname="com.EIDSA.testCases.TC_009_StudyProfile_Positive" name="retireForm" time="15.471"/>
  <system-out/>
  <testcase classname="com.EIDSA.testCases.TC_009_StudyProfile_Positive" name="createVisit" time="36.285"/>
  <system-out/>
  <testcase classname="com.EIDSA.testCases.TC_009_StudyProfile_Positive" name="assignTemplate" time="10.825"/>
  <system-out/>
  <testcase classname="com.EIDSA.testCases.TC_009_StudyProfile_Positive" name="editVisit" time="10.829"/>
  <system-out/>
  <testcase classname="com.EIDSA.testCases.TC_009_StudyProfile_Positive" name="deleteVisit" time="8.590"/>
  <system-out/>
  <testcase classname="com.EIDSA.testCases.TC_009_StudyProfile_Positive" name="createSite" time="8.404"/>
  <system-out/>
  <testcase classname="com.EIDSA.testCases.TC_009_StudyProfile_Positive" name="createSite" time="8.368"/>
  <system-out/>
  <testcase classname="com.EIDSA.testCases.TC_009_StudyProfile_Positive" name="siteEdit" time="24.151"/>
  <system-out/>
  <testcase classname="com.EIDSA.testCases.TC_009_StudyProfile_Positive" name="siteDelete" time="16.645"/>
  <system-out/>
  <testcase classname="com.EIDSA.testCases.TC_009_StudyProfile_Positive" name="createSubject" time="17.316"/>
  <system-out/>
  <testcase classname="com.EIDSA.testCases.TC_009_StudyProfile_Positive" name="createSubject" time="17.057"/>
  <system-out/>
  <testcase classname="com.EIDSA.testCases.TC_009_StudyProfile_Positive" name="SubjectEdit" time="14.770"/>
  <system-out/>
  <testcase classname="com.EIDSA.testCases.TC_009_StudyProfile_Positive" name="schedule" time="12.250"/>
  <system-out/>
  <testcase classname="com.EIDSA.testCases.TC_009_StudyProfile_Positive" name="delete" time="14.827"/>
  <system-out/>
</testsuite> <!-- com.EIDSA.testCases.TC_009_StudyProfile_Positive -->
