<?xml version="1.0" encoding="UTF-8"?>
<!-- Generated by org.testng.reporters.JUnitReportReporter -->
<testsuite hostname="DM-LT5" failures="0" tests="10" name="com.EIDSA.testCases.TC_008_Study_Positive" time="161.882" errors="0" timestamp="2024-06-10T18:45:10 IST" skipped="0">
  <testcase classname="com.EIDSA.testCases.TC_008_Study_Positive" name="Study_positive" time="14.753"/>
  <system-out/>
  <testcase classname="com.EIDSA.testCases.TC_008_Study_Positive" name="searchStudyIdValidation" time="17.065"/>
  <system-out/>
  <testcase classname="com.EIDSA.testCases.TC_008_Study_Positive" name="searchStatusValidation" time="13.566"/>
  <system-out/>
  <testcase classname="com.EIDSA.testCases.TC_008_Study_Positive" name="edit_Study" time="10.678"/>
  <system-out/>
  <testcase classname="com.EIDSA.testCases.TC_008_Study_Positive" name="visitCreation" time="23.197"/>
  <system-out/>
  <testcase classname="com.EIDSA.testCases.TC_008_Study_Positive" name="visitNameSearch" time="17.405"/>
  <system-out/>
  <testcase classname="com.EIDSA.testCases.TC_008_Study_Positive" name="visitNoSearch" time="19.701"/>
  <system-out/>
  <testcase classname="com.EIDSA.testCases.TC_008_Study_Positive" name="edit" time="14.502"/>
  <system-out/>
  <testcase classname="com.EIDSA.testCases.TC_008_Study_Positive" name="delete" time="4.218"/>
  <system-out/>
  <testcase classname="com.EIDSA.testCases.TC_008_Study_Positive" name="delete_Study" time="26.797"/>
  <system-out/>
</testsuite> <!-- com.EIDSA.testCases.TC_008_Study_Positive -->
