<?xml version="1.0" encoding="UTF-8"?>
<!-- Generated by org.testng.reporters.JUnitReportReporter -->
<testsuite hostname="DM-LT5" failures="0" tests="1" name="com.EIDSA.testCases.TC_019_UnassignedForm" time="25.350" errors="0" timestamp="2024-06-18T09:59:03 IST" skipped="0">
  <testcase classname="com.EIDSA.testCases.TC_019_UnassignedForm" name="mapping" time="25.350"/>
  <system-out/>
</testsuite> <!-- com.EIDSA.testCases.TC_019_UnassignedForm -->
