<?xml version="1.0" encoding="UTF-8"?>
<!-- Generated by org.testng.reporters.JUnitReportReporter -->
<testsuite hostname="DESKTOP-2ODO8DJ" failures="0" tests="1" name="com.EIDSA.testCases.TC_009_rolePrivilege_Positive" time="44.802" errors="0" timestamp="2023-05-10T15:44:26 IST" skipped="0">
  <testcase classname="com.EIDSA.testCases.TC_009_rolePrivilege_Positive" name="RolePrivilege" time="44.802"/>
  <system-out/>
</testsuite> <!-- com.EIDSA.testCases.TC_009_rolePrivilege_Positive -->
