<?xml version="1.0" encoding="UTF-8"?>
<!-- Generated by org.testng.reporters.JUnitReportReporter -->
<testsuite hostname="DM-LT8" failures="0" tests="2" name="com.EIDSA.testCases.TC_001_LoginTest_Negative" time="56.262" errors="0" timestamp="2024-04-16T14:59:38 IST" skipped="0">
  <testcase classname="com.EIDSA.testCases.TC_001_LoginTest_Negative" name="loginWithInvalidUsername" time="34.805"/>
  <system-out/>
  <testcase classname="com.EIDSA.testCases.TC_001_LoginTest_Negative" name="loginWithInvalidEmailAndPassword" time="21.457"/>
  <system-out/>
</testsuite> <!-- com.EIDSA.testCases.TC_001_LoginTest_Negative -->
