<?xml version="1.0" encoding="UTF-8"?>
<!-- Generated by org.testng.reporters.JUnitReportReporter -->
<testsuite hostname="DESKTOP-2ODO8DJ" failures="0" tests="1" name="com.EIDSA.testCases.TC_065_DesignForm_Positive" time="114.544" errors="0" timestamp="2023-05-31T15:04:55 IST" skipped="0">
  <testcase classname="com.EIDSA.testCases.TC_065_DesignForm_Positive" name="DesignComplete" time="114.544"/>
  <system-out/>
</testsuite> <!-- com.EIDSA.testCases.TC_065_DesignForm_Positive -->
