<?xml version="1.0" encoding="UTF-8"?>
<!-- Generated by org.testng.reporters.JUnitReportReporter -->
<testsuite hostname="DESKTOP-2ODO8DJ" failures="0" tests="1" name="com.EIDSA.testCases.TC_042_StudySummary_Positive" time="12.641" errors="0" timestamp="2023-05-17T10:56:48 IST" skipped="0">
  <testcase classname="com.EIDSA.testCases.TC_042_StudySummary_Positive" name="StudySummary" time="12.641"/>
  <system-out/>
</testsuite> <!-- com.EIDSA.testCases.TC_042_StudySummary_Positive -->
