<?xml version="1.0" encoding="UTF-8"?>
<!-- Generated by org.testng.reporters.JUnitReportReporter -->
<testsuite hostname="DESKTOP-2ODO8DJ" failures="0" tests="1" name="com.EIDSA.testCases.TC_061_SubjectTransfer_Positive" time="37.844" errors="0" timestamp="2023-05-17T13:41:06 IST" skipped="0">
  <testcase classname="com.EIDSA.testCases.TC_061_SubjectTransfer_Positive" name="SubjectTransfer" time="37.844"/>
  <system-out/>
</testsuite> <!-- com.EIDSA.testCases.TC_061_SubjectTransfer_Positive -->
