<?xml version="1.0" encoding="UTF-8"?>
<!-- Generated by org.testng.reporters.JUnitReportReporter -->
<testsuite hostname="DESKTOP-2ODO8DJ" failures="0" tests="1" name="com.EIDSA.testCases.TC_007_roleDelete_Positive" time="35.938" errors="0" timestamp="2023-05-10T13:28:43 IST" skipped="0">
  <testcase classname="com.EIDSA.testCases.TC_007_roleDelete_Positive" name="roleDelete01" time="35.938"/>
  <system-out/>
</testsuite> <!-- com.EIDSA.testCases.TC_007_roleDelete_Positive -->
