<?xml version="1.0" encoding="UTF-8"?>
<!-- Generated by org.testng.reporters.JUnitReportReporter -->
<testsuite hostname="DESKTOP-2ODO8DJ" failures="0" tests="5" name="com.EIDSA.testCases.TC_057_ReceivedQuery_Positive" time="135.327" errors="0" timestamp="2023-05-17T13:24:30 IST" skipped="0">
  <testcase classname="com.EIDSA.testCases.TC_057_ReceivedQuery_Positive" name="QueryIdSearch" time="30.317"/>
  <system-out/>
  <testcase classname="com.EIDSA.testCases.TC_057_ReceivedQuery_Positive" name="siteCodeSearch" time="28.040"/>
  <system-out/>
  <testcase classname="com.EIDSA.testCases.TC_057_ReceivedQuery_Positive" name="subjectIdSearch" time="28.260"/>
  <system-out/>
  <testcase classname="com.EIDSA.testCases.TC_057_ReceivedQuery_Positive" name="queryStatusSearch" time="28.491"/>
  <system-out/>
  <testcase classname="com.EIDSA.testCases.TC_057_ReceivedQuery_Positive" name="View" time="20.219"/>
  <system-out/>
</testsuite> <!-- com.EIDSA.testCases.TC_057_ReceivedQuery_Positive -->
