<?xml version="1.0" encoding="UTF-8"?>
<!-- Generated by org.testng.reporters.JUnitReportReporter -->
<testsuite hostname="DESKTOP-2ODO8DJ" failures="0" tests="4" name="com.EIDSA.testCases.TC_005_Roles_Positive" time="169.228" errors="0" timestamp="2023-05-11T15:59:24 IST" skipped="0">
  <testcase classname="com.EIDSA.testCases.TC_005_Roles_Positive" name="RolePage" time="34.825"/>
  <system-out/>
  <testcase classname="com.EIDSA.testCases.TC_005_Roles_Positive" name="RoleNameSearch" time="41.978"/>
  <system-out/>
  <testcase classname="com.EIDSA.testCases.TC_005_Roles_Positive" name="RoleEdit" time="54.736"/>
  <system-out/>
  <testcase classname="com.EIDSA.testCases.TC_005_Roles_Positive" name="roleDelete" time="37.689"/>
  <system-out/>
</testsuite> <!-- com.EIDSA.testCases.TC_005_Roles_Positive -->
