<?xml version="1.0" encoding="UTF-8"?>
<!-- Generated by org.testng.reporters.JUnitReportReporter -->
<testsuite hostname="DESKTOP-2ODO8DJ" failures="0" tests="1" name="com.EIDSA.testCases.TC_033_StudyTemplate_Positive" time="29.960" errors="0" timestamp="2023-04-24T12:54:32 IST" skipped="0">
  <testcase classname="com.EIDSA.testCases.TC_033_StudyTemplate_Positive" name="StudyTemplate" time="29.960"/>
  <system-out/>
</testsuite> <!-- com.EIDSA.testCases.TC_033_StudyTemplate_Positive -->
