<?xml version="1.0" encoding="UTF-8"?>
<!-- Generated by org.testng.reporters.JUnitReportReporter -->
<testsuite hostname="DESKTOP-2ODO8DJ" failures="0" tests="2" name="com.EIDSA.testCases.TC_058_FormSummary_Negative" time="50.446" errors="0" timestamp="2023-05-02T13:46:18 IST" skipped="0">
  <testcase classname="com.EIDSA.testCases.TC_058_FormSummary_Negative" name="negative_Sign2" time="26.521"/>
  <system-out/>
  <testcase classname="com.EIDSA.testCases.TC_058_FormSummary_Negative" name="negative_ReplyQuery" time="23.925"/>
  <system-out/>
</testsuite> <!-- com.EIDSA.testCases.TC_058_FormSummary_Negative -->
