<?xml version="1.0" encoding="UTF-8"?>
<!-- Generated by org.testng.reporters.JUnitReportReporter -->
<testsuite hostname="DESKTOP-2ODO8DJ" failures="0" tests="1" name="com.EIDSA.testCases.TC_008_rolePrivilege_Negative" time="15.987" errors="0" timestamp="2023-11-21T15:32:35 IST" skipped="0">
  <testcase classname="com.EIDSA.testCases.TC_008_rolePrivilege_Negative" name="RolePrivilege" time="15.987"/>
</testsuite> <!-- com.EIDSA.testCases.TC_008_rolePrivilege_Negative -->
