<?xml version="1.0" encoding="UTF-8"?>
<!-- Generated by org.testng.reporters.JUnitReportReporter -->
<testsuite hostname="DESKTOP-2ODO8DJ" failures="0" tests="4" name="com.EIDSA.testCases.TC_052_DigitalForms_Positive" time="159.795" errors="0" timestamp="2023-05-17T12:40:57 IST" skipped="0">
  <testcase classname="com.EIDSA.testCases.TC_052_DigitalForms_Positive" name="formNameSearchValidation" time="38.132"/>
  <system-out/>
  <testcase classname="com.EIDSA.testCases.TC_052_DigitalForms_Positive" name="statusValidation" time="33.123"/>
  <system-out/>
  <testcase classname="com.EIDSA.testCases.TC_052_DigitalForms_Positive" name="FormApprove" time="43.048"/>
  <system-out/>
  <testcase classname="com.EIDSA.testCases.TC_052_DigitalForms_Positive" name="FormReject" time="45.492"/>
  <system-out/>
</testsuite> <!-- com.EIDSA.testCases.TC_052_DigitalForms_Positive -->
