<?xml version="1.0" encoding="UTF-8"?>
<!-- Generated by org.testng.reporters.JUnitReportReporter -->
<testsuite hostname="DESKTOP-2ODO8DJ" failures="0" tests="2" name="com.EIDSA.testCases.TC_074_Folder_Document_Negative" time="68.764" errors="0" timestamp="2023-05-09T15:24:56 IST" skipped="0">
  <testcase classname="com.EIDSA.testCases.TC_074_Folder_Document_Negative" name="negative_3" time="41.114"/>
  <system-out/>
  <testcase classname="com.EIDSA.testCases.TC_074_Folder_Document_Negative" name="negative_4" time="27.650"/>
  <system-out/>
</testsuite> <!-- com.EIDSA.testCases.TC_074_Folder_Document_Negative -->
