<?xml version="1.0" encoding="UTF-8"?>
<!-- Generated by org.testng.reporters.JUnitReportReporter -->
<testsuite hostname="DESKTOP-2ODO8DJ" failures="0" tests="3" name="com.EIDSA.testCases.TC_028_VisitTemplate_Positive" time="84.608" errors="0" timestamp="2023-04-21T11:49:09 IST" skipped="0">
  <testcase classname="com.EIDSA.testCases.TC_028_VisitTemplate_Positive" name="VisitNumSearchFunctionality" time="33.513"/>
  <system-out/>
  <testcase classname="com.EIDSA.testCases.TC_028_VisitTemplate_Positive" name="VisitNoSearchFunctionality" time="23.206"/>
  <system-out/>
  <testcase classname="com.EIDSA.testCases.TC_028_VisitTemplate_Positive" name="templateEdit" time="27.889"/>
  <system-out/>
</testsuite> <!-- com.EIDSA.testCases.TC_028_VisitTemplate_Positive -->
