<?xml version="1.0" encoding="UTF-8"?>
<!-- Generated by org.testng.reporters.JUnitReportReporter -->
<testsuite hostname="DESKTOP-2ODO8DJ" failures="0" tests="1" name="com.EIDSA.testCases.TC_012_userPage_Negative" time="20.003" errors="0" timestamp="2023-05-04T10:03:04 IST" skipped="0">
  <testcase classname="com.EIDSA.testCases.TC_012_userPage_Negative" name="negativeTest1" time="20.003"/>
  <system-out/>
</testsuite> <!-- com.EIDSA.testCases.TC_012_userPage_Negative -->
