<?xml version="1.0" encoding="UTF-8"?>
<!-- Generated by org.testng.reporters.JUnitReportReporter -->
<testsuite hostname="DESKTOP-2ODO8DJ" failures="0" tests="2" name="com.EIDSA.testCases.TC_006_roles_Negative" time="78.689" errors="0" timestamp="2023-11-21T14:46:40 IST" skipped="0">
  <testcase classname="com.EIDSA.testCases.TC_006_roles_Negative" name="negativeTest1" time="53.909"/>
  <testcase classname="com.EIDSA.testCases.TC_006_roles_Negative" name="negativeTest2" time="24.780"/>
</testsuite> <!-- com.EIDSA.testCases.TC_006_roles_Negative -->
