<?xml version="1.0" encoding="UTF-8"?>
<!-- Generated by org.testng.reporters.JUnitReportReporter -->
<testsuite hostname="DESKTOP-2ODO8DJ" failures="0" tests="1" name="com.EIDSA.testCases.TC_068_Folder_Document_Positive" time="59.326" errors="0" timestamp="2023-06-01T15:21:33 IST" skipped="0">
  <testcase classname="com.EIDSA.testCases.TC_068_Folder_Document_Positive" name="Approvals2" time="59.326"/>
  <system-out/>
</testsuite> <!-- com.EIDSA.testCases.TC_068_Folder_Document_Positive -->
