<?xml version="1.0" encoding="UTF-8"?>
<!-- Generated by org.testng.reporters.JUnitReportReporter -->
<testsuite hostname="DESKTOP-2ODO8DJ" failures="0" tests="1" name="com.EIDSA.testCases.TC_029_VisitTemplate_Negative" time="28.595" errors="0" timestamp="2023-04-21T12:01:01 IST" skipped="0">
  <testcase classname="com.EIDSA.testCases.TC_029_VisitTemplate_Negative" name="templateEdit" time="28.595"/>
  <system-out/>
</testsuite> <!-- com.EIDSA.testCases.TC_029_VisitTemplate_Negative -->
