<?xml version="1.0" encoding="UTF-8"?>
<!-- Generated by org.testng.reporters.JUnitReportReporter -->
<testsuite hostname="DESKTOP-2ODO8DJ" failures="0" tests="2" name="com.EIDSA.testCases.TC_008_Roles_Negative" time="21.349" errors="0" timestamp="2023-03-29T13:59:25 IST" skipped="0">
  <testcase classname="com.EIDSA.testCases.TC_008_Roles_Negative" name="negativeTest1" time="11.128"/>
  <system-out/>
  <testcase classname="com.EIDSA.testCases.TC_008_Roles_Negative" name="negativeTest2" time="10.221"/>
  <system-out/>
</testsuite> <!-- com.EIDSA.testCases.TC_008_Roles_Negative -->
