<?xml version="1.0" encoding="UTF-8"?>
<!-- Generated by org.testng.reporters.JUnitReportReporter -->
<testsuite hostname="DESKTOP-2ODO8DJ" failures="0" tests="3" name="com.EIDSA.testCases.TC_016_study_Positive" time="83.503" errors="0" timestamp="2023-05-04T10:46:18 IST" skipped="0">
  <testcase classname="com.EIDSA.testCases.TC_016_study_Positive" name="auditTrail" time="28.957"/>
  <system-out/>
  <testcase classname="com.EIDSA.testCases.TC_016_study_Positive" name="edit" time="32.168"/>
  <system-out/>
  <testcase classname="com.EIDSA.testCases.TC_016_study_Positive" name="delete" time="22.378"/>
  <system-out/>
</testsuite> <!-- com.EIDSA.testCases.TC_016_study_Positive -->
