<?xml version="1.0" encoding="UTF-8"?>
<!-- Generated by org.testng.reporters.JUnitReportReporter -->
<testsuite hostname="DESKTOP-2ODO8DJ" failures="0" tests="7" name="com.EIDSA.testCases.TC_009_Users_Positive" time="379.963" errors="0" timestamp="2023-05-15T10:44:55 IST" skipped="0">
  <testcase classname="com.EIDSA.testCases.TC_009_Users_Positive" name="StudyPage" time="161.957"/>
  <system-out/>
  <testcase classname="com.EIDSA.testCases.TC_009_Users_Positive" name="EmailSearch" time="32.098"/>
  <system-out/>
  <testcase classname="com.EIDSA.testCases.TC_009_Users_Positive" name="RoleSearch" time="30.938"/>
  <system-out/>
  <testcase classname="com.EIDSA.testCases.TC_009_Users_Positive" name="userEdit" time="44.085"/>
  <system-out/>
  <testcase classname="com.EIDSA.testCases.TC_009_Users_Positive" name="userPrivilege" time="39.517"/>
  <system-out/>
  <testcase classname="com.EIDSA.testCases.TC_009_Users_Positive" name="auditTrail" time="34.590"/>
  <system-out/>
  <testcase classname="com.EIDSA.testCases.TC_009_Users_Positive" name="userDelete" time="36.778"/>
  <system-out/>
</testsuite> <!-- com.EIDSA.testCases.TC_009_Users_Positive -->
