<?xml version="1.0" encoding="UTF-8"?>
<!-- Generated by org.testng.reporters.JUnitReportReporter -->
<testsuite hostname="DESKTOP-2ODO8DJ" failures="0" tests="1" name="com.EIDSA.testCases.TC_018_site_create_verify_search_auditTrail_edit_action_delete_Positive" time="6.797" errors="0" timestamp="2023-04-05T16:19:58 IST" skipped="0">
  <testcase classname="com.EIDSA.testCases.TC_018_site_create_verify_search_auditTrail_edit_action_delete_Positive" name="siteDeleteWithPatient" time="6.797"/>
  <system-out/>
</testsuite> <!-- com.EIDSA.testCases.TC_018_site_create_verify_search_auditTrail_edit_action_delete_Positive -->
