<?xml version="1.0" encoding="UTF-8"?>
<!-- Generated by org.testng.reporters.JUnitReportReporter -->
<testsuite hostname="DM-LT8" failures="0" tests="14" name="com.EIDSA.testCases.TC_008_StudyProfile_Positive" time="348.054" errors="0" timestamp="2024-01-22T17:50:35 IST" skipped="0">
  <testcase classname="com.EIDSA.testCases.TC_008_StudyProfile_Positive" name="createTemplate" time="104.770"/>
  <system-out/>
  <testcase classname="com.EIDSA.testCases.TC_008_StudyProfile_Positive" name="createNewVersion" time="38.336"/>
  <system-out/>
  <testcase classname="com.EIDSA.testCases.TC_008_StudyProfile_Positive" name="retireForm" time="15.288"/>
  <system-out/>
  <testcase classname="com.EIDSA.testCases.TC_008_StudyProfile_Positive" name="createVisit" time="35.493"/>
  <system-out/>
  <testcase classname="com.EIDSA.testCases.TC_008_StudyProfile_Positive" name="assignTemplate" time="10.556"/>
  <system-out/>
  <testcase classname="com.EIDSA.testCases.TC_008_StudyProfile_Positive" name="editVisit" time="10.567"/>
  <system-out/>
  <testcase classname="com.EIDSA.testCases.TC_008_StudyProfile_Positive" name="deleteVisit" time="8.388"/>
  <system-out/>
  <testcase classname="com.EIDSA.testCases.TC_008_StudyProfile_Positive" name="createSite" time="18.538"/>
  <system-out/>
  <testcase classname="com.EIDSA.testCases.TC_008_StudyProfile_Positive" name="siteEdit" time="23.861"/>
  <system-out/>
  <testcase classname="com.EIDSA.testCases.TC_008_StudyProfile_Positive" name="siteDelete" time="12.346"/>
  <system-out/>
  <testcase classname="com.EIDSA.testCases.TC_008_StudyProfile_Positive" name="createSubject" time="35.556"/>
  <system-out/>
  <testcase classname="com.EIDSA.testCases.TC_008_StudyProfile_Positive" name="SubjectEdit" time="14.547"/>
  <system-out/>
  <testcase classname="com.EIDSA.testCases.TC_008_StudyProfile_Positive" name="schedule" time="11.478"/>
  <system-out/>
  <testcase classname="com.EIDSA.testCases.TC_008_StudyProfile_Positive" name="delete" time="8.330"/>
  <system-out/>
</testsuite> <!-- com.EIDSA.testCases.TC_008_StudyProfile_Positive -->
