<?xml version="1.0" encoding="UTF-8"?>
<!-- Generated by org.testng.reporters.JUnitReportReporter -->
<testsuite hostname="DESKTOP-2ODO8DJ" failures="0" tests="1" name="com.EIDSA.testCases.TC_044_VisitSummary_Positive" time="13.275" errors="0" timestamp="2023-05-17T11:02:21 IST" skipped="0">
  <testcase classname="com.EIDSA.testCases.TC_044_VisitSummary_Positive" name="VisitSummary" time="13.275"/>
  <system-out/>
</testsuite> <!-- com.EIDSA.testCases.TC_044_VisitSummary_Positive -->
