<?xml version="1.0" encoding="UTF-8"?>
<!-- Generated by org.testng.reporters.JUnitReportReporter -->
<testsuite hostname="DM-LT5" failures="0" tests="3" name="com.EIDSA.testCases.TC_005_Roles_Positive" time="51.154" errors="0" timestamp="2024-06-05T20:31:07 IST" skipped="0">
  <testcase classname="com.EIDSA.testCases.TC_005_Roles_Positive" name="roleCreation" time="19.787"/>
  <system-out/>
  <testcase classname="com.EIDSA.testCases.TC_005_Roles_Positive" name="roleEdit" time="19.498"/>
  <system-out/>
  <testcase classname="com.EIDSA.testCases.TC_005_Roles_Positive" name="roleDelete" time="11.869"/>
  <system-out/>
</testsuite> <!-- com.EIDSA.testCases.TC_005_Roles_Positive -->
