<?xml version="1.0" encoding="UTF-8"?>
<!-- Generated by org.testng.reporters.JUnitReportReporter -->
<testsuite hostname="DESKTOP-2ODO8DJ" failures="0" tests="4" name="com.EIDSA.testCases.TC_040_SubjectSchedule_Positive" time="71.405" errors="0" timestamp="2023-04-25T06:09:24 IST" skipped="0">
  <testcase classname="com.EIDSA.testCases.TC_040_SubjectSchedule_Positive" name="siteCodeSearch" time="23.420"/>
  <system-out/>
  <testcase classname="com.EIDSA.testCases.TC_040_SubjectSchedule_Positive" name="visitNameSearch" time="19.754"/>
  <system-out/>
  <testcase classname="com.EIDSA.testCases.TC_040_SubjectSchedule_Positive" name="statusSearch" time="16.767"/>
  <system-out/>
  <testcase classname="com.EIDSA.testCases.TC_040_SubjectSchedule_Positive" name="clickView" time="11.464"/>
  <system-out/>
</testsuite> <!-- com.EIDSA.testCases.TC_040_SubjectSchedule_Positive -->
