<?xml version="1.0" encoding="UTF-8"?>
<!-- Generated by org.testng.reporters.JUnitReportReporter -->
<testsuite hostname="DESKTOP-2ODO8DJ" failures="0" tests="4" name="com.EIDSA.testCases.TC_062_GeneralQuery_Positive" time="77.873" errors="0" timestamp="2023-05-03T11:21:18 IST" skipped="0">
  <testcase classname="com.EIDSA.testCases.TC_062_GeneralQuery_Positive" name="QueryIdSearch" time="22.187"/>
  <system-out/>
  <testcase classname="com.EIDSA.testCases.TC_062_GeneralQuery_Positive" name="QuerySubjectSearch" time="21.492"/>
  <system-out/>
  <testcase classname="com.EIDSA.testCases.TC_062_GeneralQuery_Positive" name="QueryStatusSearch" time="19.659"/>
  <system-out/>
  <testcase classname="com.EIDSA.testCases.TC_062_GeneralQuery_Positive" name="View" time="14.535"/>
  <system-out/>
</testsuite> <!-- com.EIDSA.testCases.TC_062_GeneralQuery_Positive -->
