<?xml version="1.0" encoding="UTF-8"?>
<!-- Generated by org.testng.reporters.JUnitReportReporter -->
<testsuite hostname="DESKTOP-2ODO8DJ" failures="0" tests="5" name="com.EIDSA.testCases.TC_059_GeneralQuery_Positive" time="134.958" errors="0" timestamp="2023-05-17T13:32:33 IST" skipped="0">
  <testcase classname="com.EIDSA.testCases.TC_059_GeneralQuery_Positive" name="GeneralQuery" time="41.506"/>
  <system-out/>
  <testcase classname="com.EIDSA.testCases.TC_059_GeneralQuery_Positive" name="QueryIdSearch" time="23.429"/>
  <system-out/>
  <testcase classname="com.EIDSA.testCases.TC_059_GeneralQuery_Positive" name="QuerySubjectSearch" time="26.163"/>
  <system-out/>
  <testcase classname="com.EIDSA.testCases.TC_059_GeneralQuery_Positive" name="QueryStatusSearch" time="25.880"/>
  <system-out/>
  <testcase classname="com.EIDSA.testCases.TC_059_GeneralQuery_Positive" name="View" time="17.980"/>
  <system-out/>
</testsuite> <!-- com.EIDSA.testCases.TC_059_GeneralQuery_Positive -->
