<?xml version="1.0" encoding="UTF-8"?>
<!-- Generated by org.testng.reporters.JUnitReportReporter -->
<testsuite hostname="DESKTOP-2ODO8DJ" failures="0" tests="7" name="com.EIDSA.testCases.TC_009_Users_Positive" time="98.513" errors="0" timestamp="2023-11-22T16:44:31 IST" skipped="0">
  <testcase classname="com.EIDSA.testCases.TC_009_Users_Positive" name="userCreation" time="32.989"/>
  <testcase classname="com.EIDSA.testCases.TC_009_Users_Positive" name="EmailOrNameSearch" time="6.996"/>
  <testcase classname="com.EIDSA.testCases.TC_009_Users_Positive" name="RoleSearch" time="6.898"/>
  <testcase classname="com.EIDSA.testCases.TC_009_Users_Positive" name="userEdit" time="10.319"/>
  <testcase classname="com.EIDSA.testCases.TC_009_Users_Positive" name="userPrivilege" time="20.583"/>
  <testcase classname="com.EIDSA.testCases.TC_009_Users_Positive" name="auditTrail" time="18.297"/>
  <testcase classname="com.EIDSA.testCases.TC_009_Users_Positive" name="userDelete" time="2.431"/>
</testsuite> <!-- com.EIDSA.testCases.TC_009_Users_Positive -->
