<?xml version="1.0" encoding="UTF-8"?>
<!-- Generated by org.testng.reporters.JUnitReportReporter -->
<testsuite hostname="DESKTOP-2ODO8DJ" failures="0" tests="5" name="com.EIDSA.testCases.TC_059_SentQuery_Positive" time="116.149" errors="0" timestamp="2023-05-02T16:14:41 IST" skipped="0">
  <testcase classname="com.EIDSA.testCases.TC_059_SentQuery_Positive" name="QueryIdSearch" time="24.164"/>
  <system-out/>
  <testcase classname="com.EIDSA.testCases.TC_059_SentQuery_Positive" name="siteCodeSearch" time="24.099"/>
  <system-out/>
  <testcase classname="com.EIDSA.testCases.TC_059_SentQuery_Positive" name="subjectIdSearch" time="24.508"/>
  <system-out/>
  <testcase classname="com.EIDSA.testCases.TC_059_SentQuery_Positive" name="queryStatusSearch" time="23.787"/>
  <system-out/>
  <testcase classname="com.EIDSA.testCases.TC_059_SentQuery_Positive" name="View" time="19.591"/>
  <system-out/>
</testsuite> <!-- com.EIDSA.testCases.TC_059_SentQuery_Positive -->
