<?xml version="1.0" encoding="UTF-8"?>
<!-- Generated by org.testng.reporters.JUnitReportReporter -->
<testsuite hostname="DESKTOP-2ODO8DJ" failures="0" tests="5" name="com.EIDSA.testCases.TC_061_AllQuery_Positive" time="116.522" errors="0" timestamp="2023-05-02T17:03:19 IST" skipped="0">
  <testcase classname="com.EIDSA.testCases.TC_061_AllQuery_Positive" name="QueryIdSearch" time="27.766"/>
  <system-out/>
  <testcase classname="com.EIDSA.testCases.TC_061_AllQuery_Positive" name="siteCodeSearch" time="25.217"/>
  <system-out/>
  <testcase classname="com.EIDSA.testCases.TC_061_AllQuery_Positive" name="subjectIdSearch" time="24.802"/>
  <system-out/>
  <testcase classname="com.EIDSA.testCases.TC_061_AllQuery_Positive" name="queryStatusSearch" time="22.329"/>
  <system-out/>
  <testcase classname="com.EIDSA.testCases.TC_061_AllQuery_Positive" name="View" time="16.408"/>
  <system-out/>
</testsuite> <!-- com.EIDSA.testCases.TC_061_AllQuery_Positive -->
