<?xml version="1.0" encoding="UTF-8"?>
<!-- Generated by org.testng.reporters.JUnitReportReporter -->
<testsuite hostname="DESKTOP-2ODO8DJ" failures="0" tests="2" name="com.EIDSA.testCases.TC_013_user_Edit_Privilege_Positive" time="78.513" errors="0" timestamp="2023-05-10T18:02:54 IST" skipped="0">
  <testcase classname="com.EIDSA.testCases.TC_013_user_Edit_Privilege_Positive" name="userEdit" time="40.522"/>
  <system-out/>
  <testcase classname="com.EIDSA.testCases.TC_013_user_Edit_Privilege_Positive" name="userPrivilege" time="37.991"/>
  <system-out/>
</testsuite> <!-- com.EIDSA.testCases.TC_013_user_Edit_Privilege_Positive -->
