<?xml version="1.0" encoding="UTF-8"?>
<!-- Generated by org.testng.reporters.JUnitReportReporter -->
<testsuite hostname="DESKTOP-2ODO8DJ" failures="0" tests="2" name="com.EIDSA.testCases.TC_012_userPage_Negative" time="57.147" errors="0" timestamp="2023-05-10T17:32:25 IST" skipped="0">
  <testcase classname="com.EIDSA.testCases.TC_012_userPage_Negative" name="negativeTest1" time="28.662"/>
  <system-out/>
  <testcase classname="com.EIDSA.testCases.TC_012_userPage_Negative" name="negativeTest2" time="28.485"/>
  <system-out/>
</testsuite> <!-- com.EIDSA.testCases.TC_012_userPage_Negative -->
