<?xml version="1.0" encoding="UTF-8"?>
<!-- Generated by org.testng.reporters.JUnitReportReporter -->
<testsuite hostname="DM-LT8" failures="0" tests="4" name="com.EIDSA.testCases.TC_004_Profiles_Positive" time="79.110" errors="0" timestamp="2024-04-16T16:24:20 IST" skipped="0">
  <testcase classname="com.EIDSA.testCases.TC_004_Profiles_Positive" name="myProfile" time="29.286"/>
  <system-out/>
  <testcase classname="com.EIDSA.testCases.TC_004_Profiles_Positive" name="changePassword" time="14.709"/>
  <system-out/>
  <testcase classname="com.EIDSA.testCases.TC_004_Profiles_Positive" name="digitalSignatureUpdation" time="24.617"/>
  <system-out/>
  <testcase classname="com.EIDSA.testCases.TC_004_Profiles_Positive" name="defaultSetup" time="10.498"/>
  <system-out/>
</testsuite> <!-- com.EIDSA.testCases.TC_004_Profiles_Positive -->
