<?xml version="1.0" encoding="UTF-8"?>
<!-- Generated by org.testng.reporters.JUnitReportReporter -->
<testsuite hostname="DM-LT8" failures="0" tests="2" name="com.EIDSA.testCases.TC_002_ForgotPasswordOrUsername_Positive" time="40.434" errors="0" timestamp="2024-01-25T12:39:17 IST" skipped="0">
  <testcase classname="com.EIDSA.testCases.TC_002_ForgotPasswordOrUsername_Positive" name="forgotPassword" time="16.372"/>
  <system-out/>
  <testcase classname="com.EIDSA.testCases.TC_002_ForgotPasswordOrUsername_Positive" name="forgotUsername" time="24.062"/>
  <system-out/>
</testsuite> <!-- com.EIDSA.testCases.TC_002_ForgotPasswordOrUsername_Positive -->
