<?xml version="1.0" encoding="UTF-8"?>
<!-- Generated by org.testng.reporters.JUnitReportReporter -->
<testsuite hostname="DESKTOP-2ODO8DJ" failures="0" tests="1" name="com.EIDSA.testCases.TC_031_FieldPrivilege_Positive" time="37.229" errors="0" timestamp="2023-04-24T10:19:33 IST" skipped="0">
  <testcase classname="com.EIDSA.testCases.TC_031_FieldPrivilege_Positive" name="setFieldPrivilege" time="37.229"/>
  <system-out/>
</testsuite> <!-- com.EIDSA.testCases.TC_031_FieldPrivilege_Positive -->
