<?xml version="1.0" encoding="UTF-8"?>
<!-- Generated by org.testng.reporters.JUnitReportReporter -->
<testsuite hostname="DM-LT5" failures="0" tests="4" name="com.EIDSA.testCases.TC_004_Profiles_Positive" time="103.166" errors="0" timestamp="2024-06-06T16:35:37 IST" skipped="0">
  <testcase classname="com.EIDSA.testCases.TC_004_Profiles_Positive" name="myProfile" time="33.878"/>
  <system-out/>
  <testcase classname="com.EIDSA.testCases.TC_004_Profiles_Positive" name="changePassword" time="17.494"/>
  <system-out/>
  <testcase classname="com.EIDSA.testCases.TC_004_Profiles_Positive" name="digitalSignatureUpdation" time="20.776"/>
  <system-out/>
  <testcase classname="com.EIDSA.testCases.TC_004_Profiles_Positive" name="defaultSetup" time="31.018"/>
  <system-out/>
</testsuite> <!-- com.EIDSA.testCases.TC_004_Profiles_Positive -->
