<?xml version="1.0" encoding="UTF-8"?>
<!-- Generated by org.testng.reporters.JUnitReportReporter -->
<testsuite hostname="DESKTOP-2ODO8DJ" failures="0" tests="1" name="com.EIDSA.testCases.TC_045_NurseDiary_Positive" time="13.044" errors="0" timestamp="2023-05-17T11:04:03 IST" skipped="0">
  <testcase classname="com.EIDSA.testCases.TC_045_NurseDiary_Positive" name="NurseDiary" time="13.044"/>
  <system-out/>
</testsuite> <!-- com.EIDSA.testCases.TC_045_NurseDiary_Positive -->
