<?xml version="1.0" encoding="UTF-8"?>
<!-- Generated by org.testng.reporters.JUnitReportReporter -->
<testsuite hostname="DESKTOP-2ODO8DJ" failures="0" tests="6" name="com.EIDSA.testCases.TC_013_StudyVisit_Positive" time="295.705" errors="0" timestamp="2023-05-15T12:14:55 IST" skipped="0">
  <testcase classname="com.EIDSA.testCases.TC_013_StudyVisit_Positive" name="visitCreation" time="52.281"/>
  <system-out/>
  <testcase classname="com.EIDSA.testCases.TC_013_StudyVisit_Positive" name="visitNameSearch" time="43.654"/>
  <system-out/>
  <testcase classname="com.EIDSA.testCases.TC_013_StudyVisit_Positive" name="visitNoSearch" time="43.956"/>
  <system-out/>
  <testcase classname="com.EIDSA.testCases.TC_013_StudyVisit_Positive" name="edit" time="52.947"/>
  <system-out/>
  <testcase classname="com.EIDSA.testCases.TC_013_StudyVisit_Positive" name="AssignTemplate" time="56.007"/>
  <system-out/>
  <testcase classname="com.EIDSA.testCases.TC_013_StudyVisit_Positive" name="delete" time="46.860"/>
  <system-out/>
</testsuite> <!-- com.EIDSA.testCases.TC_013_StudyVisit_Positive -->
