<?xml version="1.0" encoding="UTF-8"?>
<!-- Generated by org.testng.reporters.JUnitReportReporter -->
<testsuite hostname="DESKTOP-2ODO8DJ" failures="0" tests="1" name="com.EIDSA.testCases.TC_010_rolePrivilege_Negative" time="23.024" errors="0" timestamp="2023-03-30T07:49:41 IST" skipped="0">
  <testcase classname="com.EIDSA.testCases.TC_010_rolePrivilege_Negative" name="RolePrivilege" time="23.024"/>
  <system-out/>
</testsuite> <!-- com.EIDSA.testCases.TC_010_rolePrivilege_Negative -->
