<?xml version="1.0" encoding="UTF-8"?>
<!-- Generated by org.testng.reporters.JUnitReportReporter -->
<testsuite hostname="DM-LT5" failures="0" tests="4" name="com.EIDSA.testCases.TC_004_Profiles_Positive" time="78.184" errors="0" timestamp="2024-06-05T20:24:56 IST" skipped="0">
  <testcase classname="com.EIDSA.testCases.TC_004_Profiles_Positive" name="myProfile" time="30.796"/>
  <system-out/>
  <testcase classname="com.EIDSA.testCases.TC_004_Profiles_Positive" name="changePassword" time="14.329"/>
  <system-out/>
  <testcase classname="com.EIDSA.testCases.TC_004_Profiles_Positive" name="digitalSignatureUpdation" time="21.926"/>
  <system-out/>
  <testcase classname="com.EIDSA.testCases.TC_004_Profiles_Positive" name="defaultSetup" time="11.133"/>
  <system-out/>
</testsuite> <!-- com.EIDSA.testCases.TC_004_Profiles_Positive -->
