<?xml version="1.0" encoding="UTF-8"?>
<!-- Generated by org.testng.reporters.JUnitReportReporter -->
<testsuite hostname="DESKTOP-2ODO8DJ" failures="0" tests="9" name="com.EIDSA.testCases.TC_054_DocumentSummary_Positive" time="402.895" errors="0" timestamp="2023-05-17T13:00:03 IST" skipped="0">
  <testcase classname="com.EIDSA.testCases.TC_054_DocumentSummary_Positive" name="documentTypeSearchValidation" time="41.048"/>
  <system-out/>
  <testcase classname="com.EIDSA.testCases.TC_054_DocumentSummary_Positive" name="documentNameSearchValidation" time="42.704"/>
  <system-out/>
  <testcase classname="com.EIDSA.testCases.TC_054_DocumentSummary_Positive" name="dateSearchValidation" time="51.741"/>
  <system-out/>
  <testcase classname="com.EIDSA.testCases.TC_054_DocumentSummary_Positive" name="setApprover" time="51.473"/>
  <system-out/>
  <testcase classname="com.EIDSA.testCases.TC_054_DocumentSummary_Positive" name="deleteApprover" time="53.381"/>
  <system-out/>
  <testcase classname="com.EIDSA.testCases.TC_054_DocumentSummary_Positive" name="historyView" time="44.404"/>
  <system-out/>
  <testcase classname="com.EIDSA.testCases.TC_054_DocumentSummary_Positive" name="historyDownload" time="44.796"/>
  <system-out/>
  <testcase classname="com.EIDSA.testCases.TC_054_DocumentSummary_Positive" name="view" time="34.896"/>
  <system-out/>
  <testcase classname="com.EIDSA.testCases.TC_054_DocumentSummary_Positive" name="download" time="38.452"/>
  <system-out/>
</testsuite> <!-- com.EIDSA.testCases.TC_054_DocumentSummary_Positive -->
