<?xml version="1.0" encoding="UTF-8"?>
<!-- Generated by org.testng.reporters.JUnitReportReporter -->
<testsuite hostname="DESKTOP-2ODO8DJ" failures="0" tests="1" name="com.EIDSA.testCases.TC_046_SiteSummary_Positive" time="15.474" errors="0" timestamp="2023-04-26T12:30:19 IST" skipped="0">
  <testcase classname="com.EIDSA.testCases.TC_046_SiteSummary_Positive" name="SiteSummary" time="15.474"/>
  <system-out/>
</testsuite> <!-- com.EIDSA.testCases.TC_046_SiteSummary_Positive -->
