<?xml version="1.0" encoding="UTF-8"?>
<!-- Generated by org.testng.reporters.JUnitReportReporter -->
<testsuite hostname="DESKTOP-2ODO8DJ" failures="0" tests="6" name="com.EIDSA.testCases.TC_Screens_Positive" time="60.702" errors="0" timestamp="2023-11-23T10:50:56 IST" skipped="0">
  <testcase classname="com.EIDSA.testCases.TC_Screens_Positive" name="addScreen" time="19.115"/>
  <testcase classname="com.EIDSA.testCases.TC_Screens_Positive" name="editScreen" time="16.542"/>
  <testcase classname="com.EIDSA.testCases.TC_Screens_Positive" name="addControl" time="6.464"/>
  <testcase classname="com.EIDSA.testCases.TC_Screens_Positive" name="editControl" time="8.954"/>
  <testcase classname="com.EIDSA.testCases.TC_Screens_Positive" name="deleteControl" time="4.447"/>
  <testcase classname="com.EIDSA.testCases.TC_Screens_Positive" name="deleteScreen" time="5.180"/>
</testsuite> <!-- com.EIDSA.testCases.TC_Screens_Positive -->
