<?xml version="1.0" encoding="UTF-8"?>
<!-- Generated by org.testng.reporters.JUnitReportReporter -->
<testsuite hostname="DESKTOP-2ODO8DJ" failures="0" tests="20" name="com.EIDSA.testCases.TC_017_Subject_Positive" time="252.420" errors="0" timestamp="2023-11-30T13:10:00 IST" skipped="0">
  <testcase classname="com.EIDSA.testCases.TC_017_Subject_Positive" name="siteCreation" time="24.484"/>
  <testcase classname="com.EIDSA.testCases.TC_017_Subject_Positive" name="searchValidation" time="25.420"/>
  <testcase classname="com.EIDSA.testCases.TC_017_Subject_Positive" name="SubjectEdit" time="15.449"/>
  <testcase classname="com.EIDSA.testCases.TC_017_Subject_Positive" name="auditTrail" time="17.578"/>
  <testcase classname="com.EIDSA.testCases.TC_017_Subject_Positive" name="schedule" time="3.635"/>
  <testcase classname="com.EIDSA.testCases.TC_017_Subject_Positive" name="delete" time="26.495"/>
  <testcase classname="com.EIDSA.testCases.TC_017_Subject_Positive" name="withdrawPatient" time="11.180"/>
  <testcase classname="com.EIDSA.testCases.TC_017_Subject_Positive" name="folderCreation" time="13.397"/>
  <testcase classname="com.EIDSA.testCases.TC_017_Subject_Positive" name="folderEdit" time="13.120"/>
  <testcase classname="com.EIDSA.testCases.TC_017_Subject_Positive" name="uploadDocument" time="6.562"/>
  <testcase classname="com.EIDSA.testCases.TC_017_Subject_Positive" name="DocumentNameSearchVerification" time="18.627"/>
  <testcase classname="com.EIDSA.testCases.TC_017_Subject_Positive" name="DocumentDateSearchVerification" time="9.607"/>
  <testcase classname="com.EIDSA.testCases.TC_017_Subject_Positive" name="DocumentUploadedBySearchVerification" time="11.161"/>
  <testcase classname="com.EIDSA.testCases.TC_017_Subject_Positive" name="edit_Doc" time="11.456"/>
  <testcase classname="com.EIDSA.testCases.TC_017_Subject_Positive" name="view_Doc" time="0.815"/>
  <testcase classname="com.EIDSA.testCases.TC_017_Subject_Positive" name="setApprover_Doc" time="14.916"/>
  <testcase classname="com.EIDSA.testCases.TC_017_Subject_Positive" name="Approver_Removal" time="11.359"/>
  <testcase classname="com.EIDSA.testCases.TC_017_Subject_Positive" name="Download_Doc" time="0.098"/>
  <testcase classname="com.EIDSA.testCases.TC_017_Subject_Positive" name="Delete_Doc" time="7.385"/>
  <testcase classname="com.EIDSA.testCases.TC_017_Subject_Positive" name="Delete_Folder" time="9.676"/>
</testsuite> <!-- com.EIDSA.testCases.TC_017_Subject_Positive -->
