<?xml version="1.0" encoding="UTF-8"?>
<!-- Generated by org.testng.reporters.JUnitReportReporter -->
<testsuite hostname="DESKTOP-2ODO8DJ" failures="0" tests="4" name="com.EIDSA.testCases.TC_053_UnscheduledVisit_Positive" time="150.892" errors="0" timestamp="2023-05-17T12:46:04 IST" skipped="0">
  <testcase classname="com.EIDSA.testCases.TC_053_UnscheduledVisit_Positive" name="SubIdSearchValidation" time="37.104"/>
  <system-out/>
  <testcase classname="com.EIDSA.testCases.TC_053_UnscheduledVisit_Positive" name="StatusSearchValidation" time="41.400"/>
  <system-out/>
  <testcase classname="com.EIDSA.testCases.TC_053_UnscheduledVisit_Positive" name="DateSearchValidation" time="44.962"/>
  <system-out/>
  <testcase classname="com.EIDSA.testCases.TC_053_UnscheduledVisit_Positive" name="view" time="27.426"/>
  <system-out/>
</testsuite> <!-- com.EIDSA.testCases.TC_053_UnscheduledVisit_Positive -->
