<?xml version="1.0" encoding="UTF-8"?>
<!-- Generated by org.testng.reporters.JUnitReportReporter -->
<testsuite hostname="DM-LT8" failures="0" tests="3" name="com.EIDSA.testCases.TC_005_Roles_Positive" time="48.691" errors="0" timestamp="2024-01-25T15:09:39 IST" skipped="0">
  <testcase classname="com.EIDSA.testCases.TC_005_Roles_Positive" name="roleCreation" time="18.720"/>
  <system-out/>
  <testcase classname="com.EIDSA.testCases.TC_005_Roles_Positive" name="roleEdit" time="18.623"/>
  <system-out/>
  <testcase classname="com.EIDSA.testCases.TC_005_Roles_Positive" name="roleDelete" time="11.348"/>
  <system-out/>
</testsuite> <!-- com.EIDSA.testCases.TC_005_Roles_Positive -->
