<?xml version="1.0" encoding="UTF-8"?>
<!-- Generated by org.testng.reporters.JUnitReportReporter -->
<testsuite hostname="DM-LT5" failures="0" tests="5" name="com.EIDSA.testCases.TC_011_DMS_Positive" time="74.491" errors="0" timestamp="2024-06-06T09:13:36 IST" skipped="0">
  <testcase classname="com.EIDSA.testCases.TC_011_DMS_Positive" name="FolderCreation" time="21.941"/>
  <system-out/>
  <testcase classname="com.EIDSA.testCases.TC_011_DMS_Positive" name="FolderEdit" time="13.078"/>
  <system-out/>
  <testcase classname="com.EIDSA.testCases.TC_011_DMS_Positive" name="uploadDocument" time="15.854"/>
  <system-out/>
  <testcase classname="com.EIDSA.testCases.TC_011_DMS_Positive" name="viewDocument" time="10.742"/>
  <system-out/>
  <testcase classname="com.EIDSA.testCases.TC_011_DMS_Positive" name="approveDocument" time="12.876"/>
  <system-out/>
</testsuite> <!-- com.EIDSA.testCases.TC_011_DMS_Positive -->
