<?xml version="1.0" encoding="UTF-8"?>
<!-- Generated by org.testng.reporters.JUnitReportReporter -->
<testsuite hostname="DESKTOP-2ODO8DJ" failures="0" tests="2" name="com.EIDSA.testCases.TC_042_Users_Positive" time="66.301" errors="0" timestamp="2023-04-26T17:27:39 IST" skipped="0">
  <testcase classname="com.EIDSA.testCases.TC_042_Users_Positive" name="EmailSearch" time="34.493"/>
  <system-out/>
  <testcase classname="com.EIDSA.testCases.TC_042_Users_Positive" name="RoleSearch" time="31.808"/>
  <system-out/>
</testsuite> <!-- com.EIDSA.testCases.TC_042_Users_Positive -->
