<?xml version="1.0" encoding="UTF-8"?>
<!-- Generated by org.testng.reporters.JUnitReportReporter -->
<testsuite hostname="DM-LT5" failures="0" tests="1" name="com.EIDSA.testCases.TC_022_FormTransfer" time="40.541" errors="0" timestamp="2024-06-19T17:10:45 IST" skipped="0">
  <testcase classname="com.EIDSA.testCases.TC_022_FormTransfer" name="formTransfer" time="40.541"/>
  <system-out/>
</testsuite> <!-- com.EIDSA.testCases.TC_022_FormTransfer -->
