<?xml version="1.0" encoding="UTF-8"?>
<!-- Generated by org.testng.reporters.JUnitReportReporter -->
<testsuite hostname="DESKTOP-2ODO8DJ" failures="0" tests="1" name="com.EIDSA.testCases.TC_031_FieldPrivilege_Positive" time="36.600" errors="0" timestamp="2023-05-04T13:09:05 IST" skipped="0">
  <testcase classname="com.EIDSA.testCases.TC_031_FieldPrivilege_Positive" name="setFieldPrivilege" time="36.600"/>
  <system-out/>
</testsuite> <!-- com.EIDSA.testCases.TC_031_FieldPrivilege_Positive -->
