<?xml version="1.0" encoding="UTF-8"?>
<!-- Generated by org.testng.reporters.JUnitReportReporter -->
<testsuite hostname="DESKTOP-2ODO8DJ" failures="0" tests="1" name="com.EIDSA.testCases.TC_008_rolePrivilege_Negative" time="31.626" errors="0" timestamp="2023-05-11T16:57:12 IST" skipped="0">
  <testcase classname="com.EIDSA.testCases.TC_008_rolePrivilege_Negative" name="RolePrivilege" time="31.626"/>
  <system-out/>
</testsuite> <!-- com.EIDSA.testCases.TC_008_rolePrivilege_Negative -->
