<?xml version="1.0" encoding="UTF-8"?>
<!-- Generated by org.testng.reporters.JUnitReportReporter -->
<testsuite hostname="DESKTOP-2ODO8DJ" failures="0" tests="2" name="com.EIDSA.testCases.TC_010_Users_Negative" time="57.236" errors="0" timestamp="2023-05-15T10:50:42 IST" skipped="0">
  <testcase classname="com.EIDSA.testCases.TC_010_Users_Negative" name="negativeTest1" time="29.231"/>
  <system-out/>
  <testcase classname="com.EIDSA.testCases.TC_010_Users_Negative" name="negativeTest2" time="28.005"/>
  <system-out/>
</testsuite> <!-- com.EIDSA.testCases.TC_010_Users_Negative -->
