<?xml version="1.0" encoding="UTF-8"?>
<!-- Generated by org.testng.reporters.JUnitReportReporter -->
<testsuite hostname="DESKTOP-2ODO8DJ" failures="0" tests="4" name="com.EIDSA.testCases.TC_Screens_Negative" time="51.183" errors="0" timestamp="2023-11-23T12:29:50 IST" skipped="0">
  <testcase classname="com.EIDSA.testCases.TC_Screens_Negative" name="negativeTest1" time="18.203"/>
  <testcase classname="com.EIDSA.testCases.TC_Screens_Negative" name="negativeTest2" time="12.161"/>
  <testcase classname="com.EIDSA.testCases.TC_Screens_Negative" name="negativeTest3" time="8.639"/>
  <testcase classname="com.EIDSA.testCases.TC_Screens_Negative" name="negativeTest4" time="12.180"/>
</testsuite> <!-- com.EIDSA.testCases.TC_Screens_Negative -->
