<?xml version="1.0" encoding="UTF-8"?>
<!-- Generated by org.testng.reporters.JUnitReportReporter -->
<testsuite hostname="DESKTOP-2ODO8DJ" failures="0" tests="1" name="com.EIDSA.testCases.TC_064_SubjectTransfer_Positive" time="37.413" errors="0" timestamp="2023-05-03T16:26:33 IST" skipped="0">
  <testcase classname="com.EIDSA.testCases.TC_064_SubjectTransfer_Positive" name="SubjectTransfer" time="37.413"/>
  <system-out/>
</testsuite> <!-- com.EIDSA.testCases.TC_064_SubjectTransfer_Positive -->
