<?xml version="1.0" encoding="UTF-8"?>
<!-- Generated by org.testng.reporters.JUnitReportReporter -->
<testsuite hostname="DM-LT5" failures="0" tests="3" name="com.EIDSA.testCases.TC_007_Users_Positive" time="54.297" errors="0" timestamp="2024-06-05T20:36:17 IST" skipped="0">
  <testcase classname="com.EIDSA.testCases.TC_007_Users_Positive" name="userCreation" time="29.033"/>
  <system-out/>
  <testcase classname="com.EIDSA.testCases.TC_007_Users_Positive" name="userEdit" time="16.404"/>
  <system-out/>
  <testcase classname="com.EIDSA.testCases.TC_007_Users_Positive" name="userDelete" time="8.860"/>
  <system-out/>
</testsuite> <!-- com.EIDSA.testCases.TC_007_Users_Positive -->
