<?xml version="1.0" encoding="UTF-8"?>
<!-- Generated by org.testng.reporters.JUnitReportReporter -->
<testsuite hostname="DESKTOP-2ODO8DJ" failures="0" tests="1" name="com.EIDSA.testCases.TC_006_roleEdit_Positive" time="59.844" errors="0" timestamp="2023-05-10T13:17:47 IST" skipped="0">
  <testcase classname="com.EIDSA.testCases.TC_006_roleEdit_Positive" name="RolePage" time="59.844"/>
  <system-out/>
</testsuite> <!-- com.EIDSA.testCases.TC_006_roleEdit_Positive -->
