<?xml version="1.0" encoding="UTF-8"?>
<!-- Generated by org.testng.reporters.JUnitReportReporter -->
<testsuite hostname="DESKTOP-2ODO8DJ" failures="0" tests="1" name="com.EIDSA.testCases.TC_001_LoginTest_Positive" time="1.418" errors="0" timestamp="2023-03-27T16:51:51 IST" skipped="0">
  <testcase classname="com.EIDSA.testCases.TC_001_LoginTest_Positive" name="LoginTest" time="1.418"/>
  <system-out/>
</testsuite> <!-- com.EIDSA.testCases.TC_001_LoginTest_Positive -->
