<?xml version="1.0" encoding="UTF-8"?>
<!-- Generated by org.testng.reporters.JUnitReportReporter -->
<testsuite hostname="DESKTOP-2ODO8DJ" failures="0" tests="5" name="com.EIDSA.testCases.TC_056_SentQuery_Positive" time="147.825" errors="0" timestamp="2023-05-17T13:20:27 IST" skipped="0">
  <testcase classname="com.EIDSA.testCases.TC_056_SentQuery_Positive" name="QueryIdSearch" time="33.692"/>
  <system-out/>
  <testcase classname="com.EIDSA.testCases.TC_056_SentQuery_Positive" name="siteCodeSearch" time="31.489"/>
  <system-out/>
  <testcase classname="com.EIDSA.testCases.TC_056_SentQuery_Positive" name="subjectIdSearch" time="31.262"/>
  <system-out/>
  <testcase classname="com.EIDSA.testCases.TC_056_SentQuery_Positive" name="queryStatusSearch" time="31.098"/>
  <system-out/>
  <testcase classname="com.EIDSA.testCases.TC_056_SentQuery_Positive" name="View" time="20.284"/>
  <system-out/>
</testsuite> <!-- com.EIDSA.testCases.TC_056_SentQuery_Positive -->
