<?xml version="1.0" encoding="UTF-8"?>
<!-- Generated by org.testng.reporters.JUnitReportReporter -->
<testsuite hostname="DM-LT5" failures="0" tests="1" name="com.EIDSA.testCases.TC_003_LoginTest_Positive" time="30.746" errors="0" timestamp="2024-06-05T20:17:49 IST" skipped="0">
  <testcase classname="com.EIDSA.testCases.TC_003_LoginTest_Positive" name="LoginTest" time="30.746"/>
  <system-out/>
</testsuite> <!-- com.EIDSA.testCases.TC_003_LoginTest_Positive -->
