<?xml version="1.0" encoding="UTF-8"?>
<!-- Generated by org.testng.reporters.JUnitReportReporter -->
<testsuite hostname="DESKTOP-2ODO8DJ" failures="0" tests="1" name="com.EIDSA.testCases.TC_063_FormTransfer_Positive" time="54.139" errors="0" timestamp="2023-06-01T16:49:09 IST" skipped="0">
  <testcase classname="com.EIDSA.testCases.TC_063_FormTransfer_Positive" name="FormTransfer2" time="54.139"/>
  <system-out/>
</testsuite> <!-- com.EIDSA.testCases.TC_063_FormTransfer_Positive -->
