<?xml version="1.0" encoding="UTF-8"?>
<!-- Generated by org.testng.reporters.JUnitReportReporter -->
<testsuite hostname="DESKTOP-2ODO8DJ" failures="0" tests="5" name="com.EIDSA.testCases.TC_036_FormSummary_Positive" time="57.059" errors="0" timestamp="2023-04-25T03:41:06 IST" skipped="0">
  <testcase classname="com.EIDSA.testCases.TC_036_FormSummary_Positive" name="siteCodeSearch" time="12.466"/>
  <system-out/>
  <testcase classname="com.EIDSA.testCases.TC_036_FormSummary_Positive" name="subjectIdSearch" time="14.119"/>
  <system-out/>
  <testcase classname="com.EIDSA.testCases.TC_036_FormSummary_Positive" name="VisitNameSearch" time="13.366"/>
  <system-out/>
  <testcase classname="com.EIDSA.testCases.TC_036_FormSummary_Positive" name="statusSearch" time="11.160"/>
  <system-out/>
  <testcase classname="com.EIDSA.testCases.TC_036_FormSummary_Positive" name="clickView" time="5.948"/>
  <system-out/>
</testsuite> <!-- com.EIDSA.testCases.TC_036_FormSummary_Positive -->
