<?xml version="1.0" encoding="UTF-8"?>
<!-- Generated by org.testng.reporters.JUnitReportReporter -->
<testsuite hostname="DESKTOP-2ODO8DJ" failures="0" tests="1" name="com.EIDSA.testCases.TC_013_userEdit_Positive" time="48.116" errors="0" timestamp="2023-05-10T17:40:36 IST" skipped="0">
  <testcase classname="com.EIDSA.testCases.TC_013_userEdit_Positive" name="userEdit" time="48.116"/>
  <system-out/>
</testsuite> <!-- com.EIDSA.testCases.TC_013_userEdit_Positive -->
