<?xml version="1.0" encoding="UTF-8"?>
<!-- Generated by org.testng.reporters.JUnitReportReporter -->
<testsuite hostname="DESKTOP-2ODO8DJ" failures="0" tests="6" name="com.EIDSA.testCases.TC_011_study_Positive" time="192.949" errors="0" timestamp="2023-05-15T11:09:36 IST" skipped="0">
  <testcase classname="com.EIDSA.testCases.TC_011_study_Positive" name="Study_positive" time="50.398"/>
  <system-out/>
  <testcase classname="com.EIDSA.testCases.TC_011_study_Positive" name="searchStudyIdValidation" time="28.106"/>
  <system-out/>
  <testcase classname="com.EIDSA.testCases.TC_011_study_Positive" name="searchStatusValidation" time="30.196"/>
  <system-out/>
  <testcase classname="com.EIDSA.testCases.TC_011_study_Positive" name="auditTrail" time="27.136"/>
  <system-out/>
  <testcase classname="com.EIDSA.testCases.TC_011_study_Positive" name="edit" time="34.687"/>
  <system-out/>
  <testcase classname="com.EIDSA.testCases.TC_011_study_Positive" name="delete" time="22.426"/>
  <system-out/>
</testsuite> <!-- com.EIDSA.testCases.TC_011_study_Positive -->
