<?xml version="1.0" encoding="UTF-8"?>
<!-- Generated by org.testng.reporters.JUnitReportReporter -->
<testsuite hostname="DESKTOP-2ODO8DJ" failures="0" tests="1" name="com.EIDSA.testCases.TC_046_GoogleFit_Positive" time="13.229" errors="0" timestamp="2023-05-17T11:05:39 IST" skipped="0">
  <testcase classname="com.EIDSA.testCases.TC_046_GoogleFit_Positive" name="GoogleFit" time="13.229"/>
  <system-out/>
</testsuite> <!-- com.EIDSA.testCases.TC_046_GoogleFit_Positive -->
