<?xml version="1.0" encoding="UTF-8"?>
<!-- Generated by org.testng.reporters.JUnitReportReporter -->
<testsuite hostname="DM-LT5" failures="0" tests="2" name="com.EIDSA.testCases.TC_002_ForgotPasswordOrUsername_Positive" time="39.498" errors="0" timestamp="2024-06-05T17:46:16 IST" skipped="0">
  <testcase classname="com.EIDSA.testCases.TC_002_ForgotPasswordOrUsername_Positive" name="forgotPassword" time="18.349"/>
  <system-out/>
  <testcase classname="com.EIDSA.testCases.TC_002_ForgotPasswordOrUsername_Positive" name="forgotUsername" time="21.149"/>
  <system-out/>
</testsuite> <!-- com.EIDSA.testCases.TC_002_ForgotPasswordOrUsername_Positive -->
