<?xml version="1.0" encoding="UTF-8"?>
<!-- Generated by org.testng.reporters.JUnitReportReporter -->
<testsuite hostname="DM-LT8" failures="0" tests="3" name="com.EIDSA.testCases.TC_008_Study_Positive" time="31.183" errors="0" timestamp="2024-01-25T15:54:16 IST" skipped="0">
  <testcase classname="com.EIDSA.testCases.TC_008_Study_Positive" name="createStudy" time="10.576"/>
  <system-out/>
  <testcase classname="com.EIDSA.testCases.TC_008_Study_Positive" name="editStudy" time="8.337"/>
  <system-out/>
  <testcase classname="com.EIDSA.testCases.TC_008_Study_Positive" name="deleteStudy" time="12.270"/>
  <system-out/>
</testsuite> <!-- com.EIDSA.testCases.TC_008_Study_Positive -->
