<?xml version="1.0" encoding="UTF-8"?>
<!-- Generated by org.testng.reporters.JUnitReportReporter -->
<testsuite hostname="DESKTOP-2ODO8DJ" failures="0" tests="1" name="com.EIDSA.testCases.TC_LoginTest_Positive_001" time="1.774" errors="0" timestamp="2023-03-27T14:14:55 IST" skipped="0">
  <testcase classname="com.EIDSA.testCases.TC_LoginTest_Positive_001" name="LoginTest" time="1.774"/>
  <system-out/>
</testsuite> <!-- com.EIDSA.testCases.TC_LoginTest_Positive_001 -->
