<?xml version="1.0" encoding="UTF-8"?>
<!-- Generated by org.testng.reporters.JUnitReportReporter -->
<testsuite hostname="DESKTOP-2ODO8DJ" failures="0" tests="4" name="com.EIDSA.testCases.TC_056_UnscheduledVisit_Positive" time="137.114" errors="0" timestamp="2023-05-01T15:13:47 IST" skipped="0">
  <testcase classname="com.EIDSA.testCases.TC_056_UnscheduledVisit_Positive" name="SubIdSearchValidation" time="32.533"/>
  <system-out/>
  <testcase classname="com.EIDSA.testCases.TC_056_UnscheduledVisit_Positive" name="StatusSearchValidation" time="35.632"/>
  <system-out/>
  <testcase classname="com.EIDSA.testCases.TC_056_UnscheduledVisit_Positive" name="DateSearchValidation" time="37.775"/>
  <system-out/>
  <testcase classname="com.EIDSA.testCases.TC_056_UnscheduledVisit_Positive" name="view" time="31.174"/>
  <system-out/>
</testsuite> <!-- com.EIDSA.testCases.TC_056_UnscheduledVisit_Positive -->
