<?xml version="1.0" encoding="UTF-8"?>
<!-- Generated by org.testng.reporters.JUnitReportReporter -->
<testsuite hostname="DESKTOP-2ODO8DJ" failures="0" tests="1" name="com.EIDSA.testCases.TC_040_MainDashboard_Positive" time="12.488" errors="0" timestamp="2023-05-17T10:52:02 IST" skipped="0">
  <testcase classname="com.EIDSA.testCases.TC_040_MainDashboard_Positive" name="MainDashboard" time="12.488"/>
  <system-out/>
</testsuite> <!-- com.EIDSA.testCases.TC_040_MainDashboard_Positive -->
