<?xml version="1.0" encoding="UTF-8"?>
<!-- Generated by org.testng.reporters.JUnitReportReporter -->
<testsuite hostname="DESKTOP-2ODO8DJ" failures="0" tests="2" name="com.EIDSA.testCases.TC_054_Template_Positive" time="86.156" errors="0" timestamp="2023-04-27T15:46:20 IST" skipped="0">
  <testcase classname="com.EIDSA.testCases.TC_054_Template_Positive" name="TemplateSearchValidation" time="43.809"/>
  <system-out/>
  <testcase classname="com.EIDSA.testCases.TC_054_Template_Positive" name="translate" time="42.347"/>
  <system-out/>
</testsuite> <!-- com.EIDSA.testCases.TC_054_Template_Positive -->
