<?xml version="1.0" encoding="UTF-8"?>
<!-- Generated by org.testng.reporters.JUnitReportReporter -->
<testsuite hostname="DESKTOP-2ODO8DJ" failures="0" tests="1" name="com.EIDSA.testCases.TC_003_forgotPassword_Positive" time="28.598" errors="0" timestamp="2023-05-11T15:15:39 IST" skipped="0">
  <testcase classname="com.EIDSA.testCases.TC_003_forgotPassword_Positive" name="forgotPassword_positive" time="28.598"/>
  <system-out/>
</testsuite> <!-- com.EIDSA.testCases.TC_003_forgotPassword_Positive -->
