<?xml version="1.0" encoding="UTF-8"?>
<!-- Generated by org.testng.reporters.JUnitReportReporter -->
<testsuite hostname="DM-LT8" failures="0" tests="4" name="com.EIDSA.testCases.TC_004_Profiles_Positive" time="72.848" errors="0" timestamp="2024-01-25T13:23:29 IST" skipped="0">
  <testcase classname="com.EIDSA.testCases.TC_004_Profiles_Positive" name="myProfile" time="29.280"/>
  <system-out/>
  <testcase classname="com.EIDSA.testCases.TC_004_Profiles_Positive" name="changePassword" time="13.223"/>
  <system-out/>
  <testcase classname="com.EIDSA.testCases.TC_004_Profiles_Positive" name="digitalSignatureUpdation" time="19.834"/>
  <system-out/>
  <testcase classname="com.EIDSA.testCases.TC_004_Profiles_Positive" name="defaultSetup" time="10.511"/>
  <system-out/>
</testsuite> <!-- com.EIDSA.testCases.TC_004_Profiles_Positive -->
