<?xml version="1.0" encoding="UTF-8"?>
<!-- Generated by org.testng.reporters.JUnitReportReporter -->
<testsuite hostname="DESKTOP-2ODO8DJ" failures="0" tests="5" name="com.EIDSA.testCases.TC_072_DocumentApproval_Positive" time="192.873" errors="0" timestamp="2023-05-05T07:35:16 IST" skipped="0">
  <testcase classname="com.EIDSA.testCases.TC_072_DocumentApproval_Positive" name="documentNameSearchValidation" time="37.190"/>
  <system-out/>
  <testcase classname="com.EIDSA.testCases.TC_072_DocumentApproval_Positive" name="documentDateSearchValidation" time="40.130"/>
  <system-out/>
  <testcase classname="com.EIDSA.testCases.TC_072_DocumentApproval_Positive" name="Approver" time="39.279"/>
  <system-out/>
  <testcase classname="com.EIDSA.testCases.TC_072_DocumentApproval_Positive" name="View" time="39.204"/>
  <system-out/>
  <testcase classname="com.EIDSA.testCases.TC_072_DocumentApproval_Positive" name="Download" time="37.070"/>
  <system-out/>
</testsuite> <!-- com.EIDSA.testCases.TC_072_DocumentApproval_Positive -->
