<?xml version="1.0" encoding="UTF-8"?>
<!-- Generated by org.testng.reporters.JUnitReportReporter -->
<testsuite hostname="DESKTOP-2ODO8DJ" failures="0" tests="4" name="com.EIDSA.testCases.TC_005_Roles_Positive" time="61.045" errors="0" timestamp="2023-11-21T14:35:55 IST" skipped="0">
  <testcase classname="com.EIDSA.testCases.TC_005_Roles_Positive" name="roleCreation" time="20.939"/>
  <testcase classname="com.EIDSA.testCases.TC_005_Roles_Positive" name="roleNameSearch" time="9.701"/>
  <testcase classname="com.EIDSA.testCases.TC_005_Roles_Positive" name="roleEdit" time="17.180"/>
  <testcase classname="com.EIDSA.testCases.TC_005_Roles_Positive" name="roleDelete" time="13.225"/>
</testsuite> <!-- com.EIDSA.testCases.TC_005_Roles_Positive -->
