<?xml version="1.0" encoding="UTF-8"?>
<!-- Generated by org.testng.reporters.JUnitReportReporter -->
<testsuite hostname="DESKTOP-2ODO8DJ" failures="0" tests="1" name="com.EIDSA.testCases.TC_019_site_Negative" time="5.784" errors="0" timestamp="2023-05-04T12:16:02 IST" skipped="0">
  <testcase classname="com.EIDSA.testCases.TC_019_site_Negative" name="siteCreationNegative" time="5.784"/>
  <system-out/>
</testsuite> <!-- com.EIDSA.testCases.TC_019_site_Negative -->
