<?xml version="1.0" encoding="UTF-8"?>
<!-- Generated by org.testng.reporters.JUnitReportReporter -->
<testsuite hostname="DESKTOP-2ODO8DJ" failures="0" tests="9" name="com.EIDSA.testCases.TC_057_DocumentSummary_Positive" time="303.223" errors="0" timestamp="2023-05-02T04:10:08 IST" skipped="0">
  <testcase classname="com.EIDSA.testCases.TC_057_DocumentSummary_Positive" name="documentTypeSearchValidation" time="32.808"/>
  <system-out/>
  <testcase classname="com.EIDSA.testCases.TC_057_DocumentSummary_Positive" name="documentNameSearchValidation" time="31.374"/>
  <system-out/>
  <testcase classname="com.EIDSA.testCases.TC_057_DocumentSummary_Positive" name="dateSearchValidation" time="37.636"/>
  <system-out/>
  <testcase classname="com.EIDSA.testCases.TC_057_DocumentSummary_Positive" name="setApprover" time="36.542"/>
  <system-out/>
  <testcase classname="com.EIDSA.testCases.TC_057_DocumentSummary_Positive" name="deleteApprover" time="39.811"/>
  <system-out/>
  <testcase classname="com.EIDSA.testCases.TC_057_DocumentSummary_Positive" name="historyView" time="31.435"/>
  <system-out/>
  <testcase classname="com.EIDSA.testCases.TC_057_DocumentSummary_Positive" name="historyDownload" time="35.042"/>
  <system-out/>
  <testcase classname="com.EIDSA.testCases.TC_057_DocumentSummary_Positive" name="view" time="28.084"/>
  <system-out/>
  <testcase classname="com.EIDSA.testCases.TC_057_DocumentSummary_Positive" name="download" time="30.491"/>
  <system-out/>
</testsuite> <!-- com.EIDSA.testCases.TC_057_DocumentSummary_Positive -->
