<?xml version="1.0" encoding="UTF-8"?>
<!-- Generated by org.testng.reporters.JUnitReportReporter -->
<testsuite hostname="DM-LT8" failures="0" tests="5" name="com.EIDSA.testCases.TC_011_DMS" time="64.866" errors="0" timestamp="2024-01-24T09:59:35 IST" skipped="0">
  <testcase classname="com.EIDSA.testCases.TC_011_DMS" name="FolderCreation" time="20.854"/>
  <system-out/>
  <testcase classname="com.EIDSA.testCases.TC_011_DMS" name="FolderEdit" time="12.449"/>
  <system-out/>
  <testcase classname="com.EIDSA.testCases.TC_011_DMS" name="uploadDocument" time="14.029"/>
  <system-out/>
  <testcase classname="com.EIDSA.testCases.TC_011_DMS" name="viewDocument" time="10.363"/>
  <system-out/>
  <testcase classname="com.EIDSA.testCases.TC_011_DMS" name="approveDocument" time="7.171"/>
  <system-out/>
</testsuite> <!-- com.EIDSA.testCases.TC_011_DMS -->
