<?xml version="1.0" encoding="UTF-8"?>
<!-- Generated by org.testng.reporters.JUnitReportReporter -->
<testsuite hostname="DESKTOP-2ODO8DJ" failures="0" tests="6" name="com.EIDSA.testCases.TC_013_StudyVisit_Positive" time="98.991" errors="0" timestamp="2023-11-28T12:31:52 IST" skipped="0">
  <testcase classname="com.EIDSA.testCases.TC_013_StudyVisit_Positive" name="visitCreation" time="37.281"/>
  <testcase classname="com.EIDSA.testCases.TC_013_StudyVisit_Positive" name="visitNameSearch" time="11.983"/>
  <testcase classname="com.EIDSA.testCases.TC_013_StudyVisit_Positive" name="visitNoSearch" time="17.955"/>
  <testcase classname="com.EIDSA.testCases.TC_013_StudyVisit_Positive" name="edit" time="15.440"/>
  <testcase classname="com.EIDSA.testCases.TC_013_StudyVisit_Positive" name="AssignTemplate" time="11.909"/>
  <testcase classname="com.EIDSA.testCases.TC_013_StudyVisit_Positive" name="delete" time="4.423"/>
</testsuite> <!-- com.EIDSA.testCases.TC_013_StudyVisit_Positive -->
