<?xml version="1.0" encoding="UTF-8"?>
<!-- Generated by org.testng.reporters.JUnitReportReporter -->
<testsuite hostname="DESKTOP-2ODO8DJ" failures="0" tests="4" name="com.EIDSA.testCases.TC_048_IOTPatients_Positive" time="125.763" errors="0" timestamp="2023-05-17T11:39:18 IST" skipped="0">
  <testcase classname="com.EIDSA.testCases.TC_048_IOTPatients_Positive" name="SubjectIdSearchValidation" time="38.785"/>
  <system-out/>
  <testcase classname="com.EIDSA.testCases.TC_048_IOTPatients_Positive" name="DeviceNameSearchValidation" time="37.290"/>
  <system-out/>
  <testcase classname="com.EIDSA.testCases.TC_048_IOTPatients_Positive" name="FormNameSearchValidation" time="36.990"/>
  <system-out/>
  <testcase classname="com.EIDSA.testCases.TC_048_IOTPatients_Positive" name="view" time="12.698"/>
  <system-out/>
</testsuite> <!-- com.EIDSA.testCases.TC_048_IOTPatients_Positive -->
