<?xml version="1.0" encoding="UTF-8"?>
<!-- Generated by org.testng.reporters.JUnitReportReporter -->
<testsuite hostname="DM-LT5" failures="0" tests="4" name="com.EIDSA.testCases.TC_005_Roles_Positive" time="50.372" errors="0" timestamp="2024-06-06T17:49:55 IST" skipped="0">
  <testcase classname="com.EIDSA.testCases.TC_005_Roles_Positive" name="roleCreation" time="19.293"/>
  <system-out/>
  <testcase classname="com.EIDSA.testCases.TC_005_Roles_Positive" name="roleNameSearch" time="6.562"/>
  <system-out/>
  <testcase classname="com.EIDSA.testCases.TC_005_Roles_Positive" name="roleEdit" time="12.748"/>
  <system-out/>
  <testcase classname="com.EIDSA.testCases.TC_005_Roles_Positive" name="roleDelete" time="11.769"/>
  <system-out/>
</testsuite> <!-- com.EIDSA.testCases.TC_005_Roles_Positive -->
