<?xml version="1.0" encoding="UTF-8"?>
<!-- Generated by org.testng.reporters.JUnitReportReporter -->
<testsuite hostname="DESKTOP-2ODO8DJ" failures="0" tests="4" name="com.EIDSA.testCases.TC_055_DigitalForms_Positive" time="149.298" errors="0" timestamp="2023-04-28T16:53:24 IST" skipped="0">
  <testcase classname="com.EIDSA.testCases.TC_055_DigitalForms_Positive" name="formNameSearchValidation" time="36.586"/>
  <system-out/>
  <testcase classname="com.EIDSA.testCases.TC_055_DigitalForms_Positive" name="statusValidation" time="30.671"/>
  <system-out/>
  <testcase classname="com.EIDSA.testCases.TC_055_DigitalForms_Positive" name="FormApprove" time="38.721"/>
  <system-out/>
  <testcase classname="com.EIDSA.testCases.TC_055_DigitalForms_Positive" name="FormReject" time="43.320"/>
  <system-out/>
</testsuite> <!-- com.EIDSA.testCases.TC_055_DigitalForms_Positive -->
