<?xml version="1.0" encoding="UTF-8"?>
<!-- Generated by org.testng.reporters.JUnitReportReporter -->
<testsuite hostname="DESKTOP-2ODO8DJ" failures="0" tests="1" name="com.EIDSA.testCases.TC_008_roles_Negative" time="50.191" errors="0" timestamp="2023-05-10T15:39:12 IST" skipped="0">
  <testcase classname="com.EIDSA.testCases.TC_008_roles_Negative" name="negativeTest1" time="50.191"/>
  <system-out/>
</testsuite> <!-- com.EIDSA.testCases.TC_008_roles_Negative -->
