<?xml version="1.0" encoding="UTF-8"?>
<!-- Generated by org.testng.reporters.JUnitReportReporter -->
<testsuite hostname="DESKTOP-2ODO8DJ" failures="0" tests="2" name="com.EIDSA.testCases.TC_035_SubmitForm_Negative" time="54.476" errors="0" timestamp="2023-04-25T02:57:27 IST" skipped="0">
  <testcase classname="com.EIDSA.testCases.TC_035_SubmitForm_Negative" name="SaveForm_negative1" time="28.436"/>
  <system-out/>
  <testcase classname="com.EIDSA.testCases.TC_035_SubmitForm_Negative" name="SaveForm_negative2" time="26.040"/>
  <system-out/>
</testsuite> <!-- com.EIDSA.testCases.TC_035_SubmitForm_Negative -->
