<?xml version="1.0" encoding="UTF-8"?>
<!-- Generated by org.testng.reporters.JUnitReportReporter -->
<testsuite hostname="DESKTOP-2ODO8DJ" failures="0" tests="1" name="com.EIDSA.testCases.TC_020_Subject_Positive" time="12.897" errors="0" timestamp="2023-04-12T13:37:21 IST" skipped="0">
  <testcase classname="com.EIDSA.testCases.TC_020_Subject_Positive" name="completePatient" time="12.897"/>
  <system-out/>
</testsuite> <!-- com.EIDSA.testCases.TC_020_Subject_Positive -->
