<?xml version="1.0" encoding="UTF-8"?>
<!-- Generated by org.testng.reporters.JUnitReportReporter -->
<testsuite hostname="DESKTOP-2ODO8DJ" failures="0" tests="3" name="com.EIDSA.testCases.TC_038_SubjectSchedule_Negative" time="60.532" errors="0" timestamp="2023-05-17T10:45:04 IST" skipped="0">
  <testcase classname="com.EIDSA.testCases.TC_038_SubjectSchedule_Negative" name="negative1" time="19.734"/>
  <system-out/>
  <testcase classname="com.EIDSA.testCases.TC_038_SubjectSchedule_Negative" name="negative2" time="21.654"/>
  <system-out/>
  <testcase classname="com.EIDSA.testCases.TC_038_SubjectSchedule_Negative" name="negative3" time="19.144"/>
  <system-out/>
</testsuite> <!-- com.EIDSA.testCases.TC_038_SubjectSchedule_Negative -->
