<?xml version="1.0" encoding="UTF-8"?>
<!-- Generated by org.testng.reporters.JUnitReportReporter -->
<testsuite hostname="DESKTOP-2ODO8DJ" failures="0" tests="4" name="com.EIDSA.testCases.TC_021_PatientLogin_Positive" time="66.267" errors="0" timestamp="2023-12-01T11:43:59 IST" skipped="0">
  <testcase classname="com.EIDSA.testCases.TC_021_PatientLogin_Positive" name="SiteCodeSearchFunctionality" time="23.970"/>
  <testcase classname="com.EIDSA.testCases.TC_021_PatientLogin_Positive" name="SubjectIdSearchValidation" time="9.177"/>
  <testcase classname="com.EIDSA.testCases.TC_021_PatientLogin_Positive" name="StatusSearchValidation" time="10.950"/>
  <testcase classname="com.EIDSA.testCases.TC_021_PatientLogin_Positive" name="AddLogin" time="22.170"/>
</testsuite> <!-- com.EIDSA.testCases.TC_021_PatientLogin_Positive -->
