<?xml version="1.0" encoding="UTF-8"?>
<!-- Generated by org.testng.reporters.JUnitReportReporter -->
<testsuite hostname="DESKTOP-2ODO8DJ" failures="0" tests="1" name="com.EIDSA.testCases.TC_043_MainDashboard_Positive" time="13.716" errors="0" timestamp="2023-04-26T12:18:34 IST" skipped="0">
  <testcase classname="com.EIDSA.testCases.TC_043_MainDashboard_Positive" name="MainDashboard" time="13.716"/>
  <system-out/>
</testsuite> <!-- com.EIDSA.testCases.TC_043_MainDashboard_Positive -->
