<?xml version="1.0" encoding="UTF-8"?>
<!-- Generated by org.testng.reporters.JUnitReportReporter -->
<testsuite hostname="DM-LT5" failures="0" tests="1" name="com.EIDSA.testCases.TC_014_UnscheduledTemplate" time="30.794" errors="0" timestamp="2024-06-17T20:21:24 IST" skipped="0">
  <testcase classname="com.EIDSA.testCases.TC_014_UnscheduledTemplate" name="changeTemplate" time="30.794"/>
  <system-out/>
</testsuite> <!-- com.EIDSA.testCases.TC_014_UnscheduledTemplate -->
