<?xml version="1.0" encoding="UTF-8"?>
<!-- Generated by org.testng.reporters.JUnitReportReporter -->
<testsuite hostname="DM-LT8" failures="0" tests="1" name="com.EIDSA.testCases.TC_006_RolePrivilege_Positive" time="28.158" errors="0" timestamp="2024-01-15T13:59:15 IST" skipped="0">
  <testcase classname="com.EIDSA.testCases.TC_006_RolePrivilege_Positive" name="RolePrivilege" time="28.158"/>
  <system-out/>
</testsuite> <!-- com.EIDSA.testCases.TC_006_RolePrivilege_Positive -->
