<?xml version="1.0" encoding="UTF-8"?>
<!-- Generated by org.testng.reporters.JUnitReportReporter -->
<testsuite hostname="DESKTOP-2ODO8DJ" failures="0" tests="4" name="com.EIDSA.testCases.TC_017_Subject_Positive" time="98.525" errors="0" timestamp="2023-05-15T14:46:21 IST" skipped="0">
  <testcase classname="com.EIDSA.testCases.TC_017_Subject_Positive" name="schedule" time="26.035"/>
  <system-out/>
  <testcase classname="com.EIDSA.testCases.TC_017_Subject_Positive" name="completePatient" time="18.728"/>
  <system-out/>
  <testcase classname="com.EIDSA.testCases.TC_017_Subject_Positive" name="duplicateSub" time="30.699"/>
  <system-out/>
  <testcase classname="com.EIDSA.testCases.TC_017_Subject_Positive" name="CompleteSubjectWithEnrolledStatus" time="23.063"/>
  <system-out/>
</testsuite> <!-- com.EIDSA.testCases.TC_017_Subject_Positive -->
