<?xml version="1.0" encoding="UTF-8"?>
<!-- Generated by org.testng.reporters.JUnitReportReporter -->
<testsuite hostname="DESKTOP-2ODO8DJ" failures="0" tests="3" name="com.EIDSA.testCases.TC_011_userCreation_SearchFunctionality_Positive" time="228.928" errors="0" timestamp="2023-05-10T16:12:07 IST" skipped="0">
  <testcase classname="com.EIDSA.testCases.TC_011_userCreation_SearchFunctionality_Positive" name="EmailSearch" time="32.855"/>
  <system-out/>
  <testcase classname="com.EIDSA.testCases.TC_011_userCreation_SearchFunctionality_Positive" name="StudyPage" time="164.434"/>
  <system-out/>
  <testcase classname="com.EIDSA.testCases.TC_011_userCreation_SearchFunctionality_Positive" name="RoleSearch" time="31.639"/>
  <system-out/>
</testsuite> <!-- com.EIDSA.testCases.TC_011_userCreation_SearchFunctionality_Positive -->
