<?xml version="1.0" encoding="UTF-8"?>
<!-- Generated by org.testng.reporters.JUnitReportReporter -->
<testsuite hostname="DESKTOP-2ODO8DJ" failures="0" tests="1" name="com.EIDSA.testCases.TC_048_NurseDiary_Positive" time="12.925" errors="0" timestamp="2023-04-26T12:35:37 IST" skipped="0">
  <testcase classname="com.EIDSA.testCases.TC_048_NurseDiary_Positive" name="NurseDiary" time="12.925"/>
  <system-out/>
</testsuite> <!-- com.EIDSA.testCases.TC_048_NurseDiary_Positive -->
