<?xml version="1.0" encoding="UTF-8"?>
<!-- Generated by org.testng.reporters.JUnitReportReporter -->
<testsuite hostname="DM-LT5" failures="0" tests="4" name="com.EIDSA.testCases.TC_010_Sub_VisitScheduleList" time="94.770" errors="0" timestamp="2024-06-14T14:21:51 IST" skipped="0">
  <testcase classname="com.EIDSA.testCases.TC_010_Sub_VisitScheduleList" name="unsheduledVisitCreation" time="60.088"/>
  <system-out/>
  <testcase classname="com.EIDSA.testCases.TC_010_Sub_VisitScheduleList" name="visitNameSearchValidation" time="17.131"/>
  <system-out/>
  <testcase classname="com.EIDSA.testCases.TC_010_Sub_VisitScheduleList" name="visitScheduleSearchValidation" time="6.522"/>
  <system-out/>
  <testcase classname="com.EIDSA.testCases.TC_010_Sub_VisitScheduleList" name="withdraw" time="11.029"/>
  <system-out/>
</testsuite> <!-- com.EIDSA.testCases.TC_010_Sub_VisitScheduleList -->
