<?xml version="1.0" encoding="UTF-8"?>
<!-- Generated by org.testng.reporters.JUnitReportReporter -->
<testsuite hostname="DESKTOP-2ODO8DJ" failures="0" tests="1" name="com.EIDSA.testCases.TC_003_forgotPassword_Positive" time="11.929" errors="0" timestamp="2023-05-05T11:45:12 IST" skipped="0">
  <testcase classname="com.EIDSA.testCases.TC_003_forgotPassword_Positive" name="forgotPassword_positive" time="11.929"/>
  <system-out/>
</testsuite> <!-- com.EIDSA.testCases.TC_003_forgotPassword_Positive -->
