<?xml version="1.0" encoding="UTF-8"?>
<!-- Generated by org.testng.reporters.JUnitReportReporter -->
<testsuite hostname="DM-LT8" failures="0" tests="1" name="com.EIDSA.testCases.TC_003_LoginTest_Positive" time="27.639" errors="0" timestamp="2024-04-16T15:07:57 IST" skipped="0">
  <testcase classname="com.EIDSA.testCases.TC_003_LoginTest_Positive" name="LoginTest" time="27.639"/>
  <system-out/>
</testsuite> <!-- com.EIDSA.testCases.TC_003_LoginTest_Positive -->
