<?xml version="1.0" encoding="UTF-8"?>
<!-- Generated by org.testng.reporters.JUnitReportReporter -->
<testsuite hostname="DESKTOP-2ODO8DJ" failures="0" tests="1" name="com.EIDSA.testCases.TC_030_SitePrivilege_Positive" time="20.438" errors="0" timestamp="2023-05-04T13:05:25 IST" skipped="0">
  <testcase classname="com.EIDSA.testCases.TC_030_SitePrivilege_Positive" name="SitePrivilege" time="20.438"/>
  <system-out/>
</testsuite> <!-- com.EIDSA.testCases.TC_030_SitePrivilege_Positive -->
