<?xml version="1.0" encoding="UTF-8"?>
<!-- Generated by org.testng.reporters.JUnitReportReporter -->
<testsuite hostname="DESKTOP-2ODO8DJ" failures="0" tests="6" name="com.EIDSA.testCases.TC_019_Sub_VisitScheduleList_Positive" time="112.547" errors="0" timestamp="2023-12-01T11:01:11 IST" skipped="0">
  <testcase classname="com.EIDSA.testCases.TC_019_Sub_VisitScheduleList_Positive" name="unsheduledVisitCreation" time="57.213"/>
  <testcase classname="com.EIDSA.testCases.TC_019_Sub_VisitScheduleList_Positive" name="visitNameSearchValidation" time="7.913"/>
  <testcase classname="com.EIDSA.testCases.TC_019_Sub_VisitScheduleList_Positive" name="visitScheduleSearchValidation" time="6.648"/>
  <testcase classname="com.EIDSA.testCases.TC_019_Sub_VisitScheduleList_Positive" name="dateSearchValidation" time="8.923"/>
  <testcase classname="com.EIDSA.testCases.TC_019_Sub_VisitScheduleList_Positive" name="withdraw" time="11.825"/>
  <testcase classname="com.EIDSA.testCases.TC_019_Sub_VisitScheduleList_Positive" name="view" time="20.025"/>
</testsuite> <!-- com.EIDSA.testCases.TC_019_Sub_VisitScheduleList_Positive -->
