<?xml version="1.0" encoding="UTF-8"?>
<!-- Generated by org.testng.reporters.JUnitReportReporter -->
<testsuite hostname="DM-LT5" failures="0" tests="2" name="com.EIDSA.testCases.TC_001_LoginTest_Negative" time="41.957" errors="0" timestamp="2024-06-05T17:43:38 IST" skipped="0">
  <testcase classname="com.EIDSA.testCases.TC_001_LoginTest_Negative" name="loginWithInvalidUsername" time="17.205"/>
  <system-out/>
  <testcase classname="com.EIDSA.testCases.TC_001_LoginTest_Negative" name="loginWithInvalidEmailAndPassword" time="24.752"/>
  <system-out/>
</testsuite> <!-- com.EIDSA.testCases.TC_001_LoginTest_Negative -->
