<?xml version="1.0" encoding="UTF-8"?>
<!-- Generated by org.testng.reporters.JUnitReportReporter -->
<testsuite hostname="DESKTOP-2ODO8DJ" failures="0" tests="1" name="com.EIDSA.testCases.TC_049_GoogleFit_Positive" time="17.276" errors="0" timestamp="2023-04-26T14:41:46 IST" skipped="0">
  <testcase classname="com.EIDSA.testCases.TC_049_GoogleFit_Positive" name="GoogleFit" time="17.276"/>
  <system-out/>
</testsuite> <!-- com.EIDSA.testCases.TC_049_GoogleFit_Positive -->
