<?xml version="1.0" encoding="UTF-8"?>
<!-- Generated by org.testng.reporters.JUnitReportReporter -->
<testsuite hostname="DM-LT8" failures="0" tests="1" name="com.EIDSA.testCases.TC_006_RolePrivilege_Positive" time="28.216" errors="0" timestamp="2024-04-16T16:29:33 IST" skipped="0">
  <testcase classname="com.EIDSA.testCases.TC_006_RolePrivilege_Positive" name="RolePrivilege" time="28.216"/>
  <system-out/>
</testsuite> <!-- com.EIDSA.testCases.TC_006_RolePrivilege_Positive -->
