<?xml version="1.0" encoding="UTF-8"?>
<!-- Generated by org.testng.reporters.JUnitReportReporter -->
<testsuite hostname="DESKTOP-2ODO8DJ" failures="0" tests="4" name="com.EIDSA.testCases.TC_002_loginTest_Negative" time="18.826" errors="0" timestamp="2023-05-11T14:59:09 IST" skipped="0">
  <testcase classname="com.EIDSA.testCases.TC_002_loginTest_Negative" name="LoginTestNegative" time="5.493"/>
  <system-out/>
  <testcase classname="com.EIDSA.testCases.TC_002_loginTest_Negative" name="LoginTestNegative" time="4.159"/>
  <system-out/>
  <testcase classname="com.EIDSA.testCases.TC_002_loginTest_Negative" name="LoginTestNegative" time="4.382"/>
  <system-out/>
  <testcase classname="com.EIDSA.testCases.TC_002_loginTest_Negative" name="LoginTestNegative" time="4.792"/>
  <system-out/>
</testsuite> <!-- com.EIDSA.testCases.TC_002_loginTest_Negative -->
