<?xml version="1.0" encoding="UTF-8"?>
<!-- Generated by org.testng.reporters.JUnitReportReporter -->
<testsuite hostname="DESKTOP-2ODO8DJ" failures="0" tests="4" name="com.EIDSA.testCases.TC_051_IOTPatients_Positive" time="108.735" errors="0" timestamp="2023-04-26T17:12:17 IST" skipped="0">
  <testcase classname="com.EIDSA.testCases.TC_051_IOTPatients_Positive" name="SubjectIdSearchValidation" time="31.906"/>
  <system-out/>
  <testcase classname="com.EIDSA.testCases.TC_051_IOTPatients_Positive" name="DeviceNameSearchValidation" time="31.350"/>
  <system-out/>
  <testcase classname="com.EIDSA.testCases.TC_051_IOTPatients_Positive" name="FormNameSearchValidation" time="31.944"/>
  <system-out/>
  <testcase classname="com.EIDSA.testCases.TC_051_IOTPatients_Positive" name="view" time="13.535"/>
  <system-out/>
</testsuite> <!-- com.EIDSA.testCases.TC_051_IOTPatients_Positive -->
