<?xml version="1.0" encoding="UTF-8"?>
<!-- Generated by org.testng.reporters.JUnitReportReporter -->
<testsuite hostname="DESKTOP-2ODO8DJ" failures="0" tests="1" name="com.EIDSA.testCases.TC_050_IOTDevices_Positive" time="13.629" errors="0" timestamp="2023-04-26T14:46:54 IST" skipped="0">
  <testcase classname="com.EIDSA.testCases.TC_050_IOTDevices_Positive" name="IOTDevices" time="13.629"/>
  <system-out/>
</testsuite> <!-- com.EIDSA.testCases.TC_050_IOTDevices_Positive -->
