<?xml version="1.0" encoding="UTF-8"?>
<!-- Generated by org.testng.reporters.JUnitReportReporter -->
<testsuite hostname="DESKTOP-2ODO8DJ" failures="0" tests="1" name="com.EIDSA.testCases.TC_043_SiteSummary_Positive" time="14.334" errors="0" timestamp="2023-05-17T10:59:15 IST" skipped="0">
  <testcase classname="com.EIDSA.testCases.TC_043_SiteSummary_Positive" name="SiteSummary" time="14.334"/>
  <system-out/>
</testsuite> <!-- com.EIDSA.testCases.TC_043_SiteSummary_Positive -->
