<?xml version="1.0" encoding="UTF-8"?>
<!-- Generated by org.testng.reporters.JUnitReportReporter -->
<testsuite hostname="DESKTOP-2ODO8DJ" failures="0" tests="1" name="com.EIDSA.testCases.TC_023_Sub_VisitSchedule_Negative" time="24.813" errors="0" timestamp="2023-04-17T12:13:14 IST" skipped="0">
  <testcase classname="com.EIDSA.testCases.TC_023_Sub_VisitSchedule_Negative" name="VisitSchedule" time="24.813"/>
  <system-out/>
</testsuite> <!-- com.EIDSA.testCases.TC_023_Sub_VisitSchedule_Negative -->
