<?xml version="1.0" encoding="UTF-8"?>
<!-- Generated by org.testng.reporters.JUnitReportReporter -->
<testsuite hostname="DESKTOP-2ODO8DJ" failures="0" tests="1" name="com.EIDSA.testCases.TC_004_forgotPassword_Negative" time="10.300" errors="0" timestamp="2023-05-04T08:44:36 IST" skipped="0">
  <testcase classname="com.EIDSA.testCases.TC_004_forgotPassword_Negative" name="forgotPassword_Negative1" time="10.300"/>
  <system-out/>
</testsuite> <!-- com.EIDSA.testCases.TC_004_forgotPassword_Negative -->
