<?xml version="1.0" encoding="UTF-8"?>
<!-- Generated by org.testng.reporters.JUnitReportReporter -->
<testsuite hostname="DESKTOP-2ODO8DJ" failures="0" tests="6" name="com.EIDSA.testCases.TC_016_study_Positive" time="196.396" errors="0" timestamp="2023-05-11T09:53:59 IST" skipped="0">
  <testcase classname="com.EIDSA.testCases.TC_016_study_Positive" name="Study_positive" time="50.858"/>
  <system-out/>
  <testcase classname="com.EIDSA.testCases.TC_016_study_Positive" name="searchStatusValidation" time="30.714"/>
  <system-out/>
  <testcase classname="com.EIDSA.testCases.TC_016_study_Positive" name="searchStudyIdValidation" time="30.182"/>
  <system-out/>
  <testcase classname="com.EIDSA.testCases.TC_016_study_Positive" name="auditTrail" time="27.132"/>
  <system-out/>
  <testcase classname="com.EIDSA.testCases.TC_016_study_Positive" name="edit" time="35.126"/>
  <system-out/>
  <testcase classname="com.EIDSA.testCases.TC_016_study_Positive" name="delete" time="22.384"/>
  <system-out/>
</testsuite> <!-- com.EIDSA.testCases.TC_016_study_Positive -->
