<?xml version="1.0" encoding="UTF-8"?>
<!-- Generated by org.testng.reporters.JUnitReportReporter -->
<testsuite hostname="DM-LT5" failures="0" tests="1" name="com.EIDSA.testCases.TC_006_RolePrivilege_Positive" time="28.440" errors="0" timestamp="2024-06-05T20:32:42 IST" skipped="0">
  <testcase classname="com.EIDSA.testCases.TC_006_RolePrivilege_Positive" name="RolePrivilege" time="28.440"/>
  <system-out/>
</testsuite> <!-- com.EIDSA.testCases.TC_006_RolePrivilege_Positive -->
