<?xml version="1.0" encoding="UTF-8"?>
<!-- Generated by org.testng.reporters.JUnitReportReporter -->
<testsuite hostname="DESKTOP-2ODO8DJ" failures="0" tests="1" name="com.EIDSA.testCases.TC_016_site_Negative" time="30.062" errors="0" timestamp="2023-05-15T14:02:40 IST" skipped="0">
  <testcase classname="com.EIDSA.testCases.TC_016_site_Negative" name="siteCreationNegative" time="30.062"/>
  <system-out/>
</testsuite> <!-- com.EIDSA.testCases.TC_016_site_Negative -->
