<?xml version="1.0" encoding="UTF-8"?>
<!-- Generated by org.testng.reporters.JUnitReportReporter -->
<testsuite hostname="DESKTOP-2ODO8DJ" failures="0" tests="1" name="com.EIDSA.testCases.TC_036_FormSummary_Positive" time="48.833" errors="0" timestamp="2023-05-02T09:48:02 IST" skipped="0">
  <testcase classname="com.EIDSA.testCases.TC_036_FormSummary_Positive" name="PageQuery" time="48.833"/>
  <system-out/>
</testsuite> <!-- com.EIDSA.testCases.TC_036_FormSummary_Positive -->
