<?xml version="1.0" encoding="UTF-8"?>
<!-- Generated by org.testng.reporters.JUnitReportReporter -->
<testsuite hostname="DM-LT8" failures="0" tests="1" name="com.EIDSA.testCases.Positive.TC_001_loginTest_Positive" time="27.931" errors="0" timestamp="2024-01-12T16:34:45 IST" skipped="0">
  <testcase classname="com.EIDSA.testCases.Positive.TC_001_loginTest_Positive" name="LoginTest" time="27.931"/>
  <system-out/>
</testsuite> <!-- com.EIDSA.testCases.Positive.TC_001_loginTest_Positive -->
