<?xml version="1.0" encoding="UTF-8"?>
<!-- Generated by org.testng.reporters.JUnitReportReporter -->
<testsuite hostname="DESKTOP-2ODO8DJ" failures="0" tests="1" name="com.EIDSA.testCases.demo" time="19.460" errors="0" timestamp="2023-03-28T21:45:54 IST" skipped="0">
  <testcase classname="com.EIDSA.testCases.demo" name="RolePage" time="19.460"/>
  <system-out/>
</testsuite> <!-- com.EIDSA.testCases.demo -->
