<?xml version="1.0" encoding="UTF-8"?>
<!-- Generated by org.testng.reporters.JUnitReportReporter -->
<testsuite hostname="DESKTOP-2ODO8DJ" failures="0" tests="4" name="com.EIDSA.testCases.TC_002_loginTest_Negative" time="18.268" errors="0" timestamp="2023-05-04T08:44:36 IST" skipped="0">
  <testcase classname="com.EIDSA.testCases.TC_002_loginTest_Negative" name="LoginTestNegative" time="5.897"/>
  <system-out/>
  <testcase classname="com.EIDSA.testCases.TC_002_loginTest_Negative" name="LoginTestNegative" time="3.900"/>
  <system-out/>
  <testcase classname="com.EIDSA.testCases.TC_002_loginTest_Negative" name="LoginTestNegative" time="4.580"/>
  <system-out/>
  <testcase classname="com.EIDSA.testCases.TC_002_loginTest_Negative" name="LoginTestNegative" time="3.891"/>
  <system-out/>
</testsuite> <!-- com.EIDSA.testCases.TC_002_loginTest_Negative -->
