<?xml version="1.0" encoding="UTF-8"?>
<!-- Generated by org.testng.reporters.JUnitReportReporter -->
<testsuite hostname="DM-LT8" failures="0" tests="5" name="com.EIDSA.testCases.TC_011_DMS_Positive" time="68.500" errors="0" timestamp="2024-04-18T16:37:56 IST" skipped="0">
  <testcase classname="com.EIDSA.testCases.TC_011_DMS_Positive" name="FolderCreation" time="16.952"/>
  <system-out/>
  <testcase classname="com.EIDSA.testCases.TC_011_DMS_Positive" name="FolderEdit" time="12.745"/>
  <system-out/>
  <testcase classname="com.EIDSA.testCases.TC_011_DMS_Positive" name="uploadDocument" time="15.817"/>
  <system-out/>
  <testcase classname="com.EIDSA.testCases.TC_011_DMS_Positive" name="viewDocument" time="10.509"/>
  <system-out/>
  <testcase classname="com.EIDSA.testCases.TC_011_DMS_Positive" name="approveDocument" time="12.477"/>
  <system-out/>
</testsuite> <!-- com.EIDSA.testCases.TC_011_DMS_Positive -->
