<?xml version="1.0" encoding="UTF-8"?>
<!-- Generated by org.testng.reporters.JUnitReportReporter -->
<testsuite hostname="DESKTOP-2ODO8DJ" failures="0" tests="1" name="com.EIDSA.testCases.TC_016_study_create_auditTrail_edit_delete_Positive" time="11.743" errors="0" timestamp="2023-03-31T16:04:01 IST" skipped="0">
  <testcase classname="com.EIDSA.testCases.TC_016_study_create_auditTrail_edit_delete_Positive" name="Study_positive" time="11.743"/>
  <system-out/>
</testsuite> <!-- com.EIDSA.testCases.TC_016_study_create_auditTrail_edit_delete_Positive -->
