<?xml version="1.0" encoding="UTF-8"?>
<!-- Generated by org.testng.reporters.JUnitReportReporter -->
<testsuite hostname="DESKTOP-2ODO8DJ" failures="0" tests="1" name="com.EIDSA.testCases.TC_014_userDelete_Positive" time="96.845" errors="0" timestamp="2023-05-10T18:07:11 IST" skipped="0">
  <testcase classname="com.EIDSA.testCases.TC_014_userDelete_Positive" name="userDelete" time="96.845"/>
  <system-out/>
</testsuite> <!-- com.EIDSA.testCases.TC_014_userDelete_Positive -->
