<?xml version="1.0" encoding="UTF-8"?>
<!-- Generated by org.testng.reporters.JUnitReportReporter -->
<testsuite hostname="DESKTOP-2ODO8DJ" failures="0" tests="5" name="com.EIDSA.testCases.TC_060_ReceivedQuery_Positive" time="122.197" errors="0" timestamp="2023-05-02T16:52:05 IST" skipped="0">
  <testcase classname="com.EIDSA.testCases.TC_060_ReceivedQuery_Positive" name="QueryIdSearch" time="27.135"/>
  <system-out/>
  <testcase classname="com.EIDSA.testCases.TC_060_ReceivedQuery_Positive" name="siteCodeSearch" time="24.716"/>
  <system-out/>
  <testcase classname="com.EIDSA.testCases.TC_060_ReceivedQuery_Positive" name="subjectIdSearch" time="24.784"/>
  <system-out/>
  <testcase classname="com.EIDSA.testCases.TC_060_ReceivedQuery_Positive" name="queryStatusSearch" time="25.477"/>
  <system-out/>
  <testcase classname="com.EIDSA.testCases.TC_060_ReceivedQuery_Positive" name="View" time="20.085"/>
  <system-out/>
</testsuite> <!-- com.EIDSA.testCases.TC_060_ReceivedQuery_Positive -->
