<?xml version="1.0" encoding="UTF-8"?>
<!-- Generated by org.testng.reporters.JUnitReportReporter -->
<testsuite hostname="DESKTOP-2ODO8DJ" failures="0" tests="1" name="com.EIDSA.testCases.TC_004_forgotPassword_Negative" time="23.269" errors="0" timestamp="2023-03-28T10:26:52 IST" skipped="0">
  <testcase classname="com.EIDSA.testCases.TC_004_forgotPassword_Negative" name="forgotPassword_Negative" time="23.269"/>
  <system-out/>
</testsuite> <!-- com.EIDSA.testCases.TC_004_forgotPassword_Negative -->
