<?xml version="1.0" encoding="UTF-8"?>
<!-- Generated by org.testng.reporters.JUnitReportReporter -->
<testsuite hostname="DM-LT8" failures="0" tests="4" name="com.EIDSA.testCases.TC_007_StudyProfile_Positive" time="196.461" errors="0" timestamp="2024-01-18T14:01:43 IST" skipped="0">
  <testcase classname="com.EIDSA.testCases.TC_007_StudyProfile_Positive" name="createTemplate" time="106.091"/>
  <system-out/>
  <testcase classname="com.EIDSA.testCases.TC_007_StudyProfile_Positive" name="createNewVersion" time="38.834"/>
  <system-out/>
  <testcase classname="com.EIDSA.testCases.TC_007_StudyProfile_Positive" name="retireForm" time="15.421"/>
  <system-out/>
  <testcase classname="com.EIDSA.testCases.TC_007_StudyProfile_Positive" name="createVisit" time="36.115"/>
  <system-out/>
</testsuite> <!-- com.EIDSA.testCases.TC_007_StudyProfile_Positive -->
