<?xml version="1.0" encoding="UTF-8"?>
<!-- Generated by org.testng.reporters.JUnitReportReporter -->
<testsuite hostname="DM-LT8" failures="0" tests="17" name="com.EIDSA.testCases.TC_009_StudyProfile_Positive" time="379.564" errors="0" timestamp="2024-01-25T18:06:24 IST" skipped="0">
  <testcase classname="com.EIDSA.testCases.TC_009_StudyProfile_Positive" name="createTemplate" time="104.755"/>
  <system-out/>
  <testcase classname="com.EIDSA.testCases.TC_009_StudyProfile_Positive" name="userPrivilege" time="29.164"/>
  <system-out/>
  <testcase classname="com.EIDSA.testCases.TC_009_StudyProfile_Positive" name="createNewVersion" time="38.399"/>
  <system-out/>
  <testcase classname="com.EIDSA.testCases.TC_009_StudyProfile_Positive" name="retireForm" time="15.317"/>
  <system-out/>
  <testcase classname="com.EIDSA.testCases.TC_009_StudyProfile_Positive" name="createVisit" time="35.462"/>
  <system-out/>
  <testcase classname="com.EIDSA.testCases.TC_009_StudyProfile_Positive" name="assignTemplate" time="10.541"/>
  <system-out/>
  <testcase classname="com.EIDSA.testCases.TC_009_StudyProfile_Positive" name="editVisit" time="10.601"/>
  <system-out/>
  <testcase classname="com.EIDSA.testCases.TC_009_StudyProfile_Positive" name="deleteVisit" time="8.423"/>
  <system-out/>
  <testcase classname="com.EIDSA.testCases.TC_009_StudyProfile_Positive" name="createSite" time="8.300"/>
  <system-out/>
  <testcase classname="com.EIDSA.testCases.TC_009_StudyProfile_Positive" name="createSite" time="8.251"/>
  <system-out/>
  <testcase classname="com.EIDSA.testCases.TC_009_StudyProfile_Positive" name="siteEdit" time="23.798"/>
  <system-out/>
  <testcase classname="com.EIDSA.testCases.TC_009_StudyProfile_Positive" name="siteDelete" time="12.365"/>
  <system-out/>
  <testcase classname="com.EIDSA.testCases.TC_009_StudyProfile_Positive" name="createSubject" time="16.960"/>
  <system-out/>
  <testcase classname="com.EIDSA.testCases.TC_009_StudyProfile_Positive" name="createSubject" time="16.734"/>
  <system-out/>
  <testcase classname="com.EIDSA.testCases.TC_009_StudyProfile_Positive" name="SubjectEdit" time="14.516"/>
  <system-out/>
  <testcase classname="com.EIDSA.testCases.TC_009_StudyProfile_Positive" name="schedule" time="11.476"/>
  <system-out/>
  <testcase classname="com.EIDSA.testCases.TC_009_StudyProfile_Positive" name="delete" time="14.502"/>
  <system-out/>
</testsuite> <!-- com.EIDSA.testCases.TC_009_StudyProfile_Positive -->
