<?xml version="1.0" encoding="UTF-8"?>
<!-- Generated by org.testng.reporters.JUnitReportReporter -->
<testsuite hostname="DESKTOP-2ODO8DJ" failures="0" tests="3" name="com.EIDSA.testCases.TC_015_site_Positive" time="95.394" errors="0" timestamp="2023-05-15T13:52:10 IST" skipped="0">
  <testcase classname="com.EIDSA.testCases.TC_015_site_Positive" name="siteActionTerminate" time="31.518"/>
  <system-out/>
  <testcase classname="com.EIDSA.testCases.TC_015_site_Positive" name="siteDelete" time="29.392"/>
  <system-out/>
  <testcase classname="com.EIDSA.testCases.TC_015_site_Positive" name="siteDeleteWithPatient" time="34.484"/>
  <system-out/>
</testsuite> <!-- com.EIDSA.testCases.TC_015_site_Positive -->
