<?xml version="1.0" encoding="UTF-8"?>
<!-- Generated by org.testng.reporters.JUnitReportReporter -->
<testsuite hostname="DM-LT5" failures="0" tests="3" name="com.EIDSA.testCases.TC_011_EConsent" time="48.983" errors="0" timestamp="2024-06-14T14:23:40 IST" skipped="0">
  <testcase classname="com.EIDSA.testCases.TC_011_EConsent" name="siteCodeSearchValidation" time="17.471"/>
  <system-out/>
  <testcase classname="com.EIDSA.testCases.TC_011_EConsent" name="subjectIdSearchValidation" time="13.889"/>
  <system-out/>
  <testcase classname="com.EIDSA.testCases.TC_011_EConsent" name="ivite" time="17.623"/>
  <system-out/>
</testsuite> <!-- com.EIDSA.testCases.TC_011_EConsent -->
