<?xml version="1.0" encoding="UTF-8"?>
<!-- Generated by org.testng.reporters.JUnitReportReporter -->
<testsuite hostname="DM-LT5" failures="0" tests="26" name="com.EIDSA.testCases.TC_009_StudyProfile_Positive" time="553.720" errors="0" timestamp="2024-06-14T14:18:50 IST" skipped="0">
  <testcase classname="com.EIDSA.testCases.TC_009_StudyProfile_Positive" name="createTemplate" time="106.424"/>
  <system-out/>
  <testcase classname="com.EIDSA.testCases.TC_009_StudyProfile_Positive" name="userPrivilege" time="29.515"/>
  <system-out/>
  <testcase classname="com.EIDSA.testCases.TC_009_StudyProfile_Positive" name="createNewVersion" time="39.164"/>
  <system-out/>
  <testcase classname="com.EIDSA.testCases.TC_009_StudyProfile_Positive" name="retireForm" time="15.593"/>
  <system-out/>
  <testcase classname="com.EIDSA.testCases.TC_009_StudyProfile_Positive" name="createVisit" time="36.446"/>
  <system-out/>
  <testcase classname="com.EIDSA.testCases.TC_009_StudyProfile_Positive" name="assignTemplate" time="10.792"/>
  <system-out/>
  <testcase classname="com.EIDSA.testCases.TC_009_StudyProfile_Positive" name="editVisit" time="10.831"/>
  <system-out/>
  <testcase classname="com.EIDSA.testCases.TC_009_StudyProfile_Positive" name="deleteVisit" time="8.752"/>
  <system-out/>
  <testcase classname="com.EIDSA.testCases.TC_009_StudyProfile_Positive" name="createSite" time="8.435"/>
  <system-out/>
  <testcase classname="com.EIDSA.testCases.TC_009_StudyProfile_Positive" name="createSite" time="8.342"/>
  <system-out/>
  <testcase classname="com.EIDSA.testCases.TC_009_StudyProfile_Positive" name="createSite" time="8.330"/>
  <system-out/>
  <testcase classname="com.EIDSA.testCases.TC_009_StudyProfile_Positive" name="searchValidation_Site" time="43.986"/>
  <system-out/>
  <testcase classname="com.EIDSA.testCases.TC_009_StudyProfile_Positive" name="siteEdit" time="17.762"/>
  <system-out/>
  <testcase classname="com.EIDSA.testCases.TC_009_StudyProfile_Positive" name="siteActionOpen" time="7.053"/>
  <system-out/>
  <testcase classname="com.EIDSA.testCases.TC_009_StudyProfile_Positive" name="siteActionComplete" time="6.354"/>
  <system-out/>
  <testcase classname="com.EIDSA.testCases.TC_009_StudyProfile_Positive" name="siteActionTerminate" time="10.338"/>
  <system-out/>
  <testcase classname="com.EIDSA.testCases.TC_009_StudyProfile_Positive" name="siteDelete" time="18.808"/>
  <system-out/>
  <testcase classname="com.EIDSA.testCases.TC_009_StudyProfile_Positive" name="createSubject" time="17.237"/>
  <system-out/>
  <testcase classname="com.EIDSA.testCases.TC_009_StudyProfile_Positive" name="createSubject" time="17.016"/>
  <system-out/>
  <testcase classname="com.EIDSA.testCases.TC_009_StudyProfile_Positive" name="createSubject" time="17.098"/>
  <system-out/>
  <testcase classname="com.EIDSA.testCases.TC_009_StudyProfile_Positive" name="createSubject" time="17.027"/>
  <system-out/>
  <testcase classname="com.EIDSA.testCases.TC_009_StudyProfile_Positive" name="searchValidation_Subject" time="27.630"/>
  <system-out/>
  <testcase classname="com.EIDSA.testCases.TC_009_StudyProfile_Positive" name="SubjectEdit" time="14.694"/>
  <system-out/>
  <testcase classname="com.EIDSA.testCases.TC_009_StudyProfile_Positive" name="schedule" time="23.219"/>
  <system-out/>
  <testcase classname="com.EIDSA.testCases.TC_009_StudyProfile_Positive" name="withdrawPatient" time="17.948"/>
  <system-out/>
  <testcase classname="com.EIDSA.testCases.TC_009_StudyProfile_Positive" name="delete" time="14.926"/>
  <system-out/>
</testsuite> <!-- com.EIDSA.testCases.TC_009_StudyProfile_Positive -->
