<?xml version="1.0" encoding="UTF-8"?>
<!-- Generated by org.testng.reporters.JUnitReportReporter -->
<testsuite hostname="DESKTOP-2ODO8DJ" failures="0" tests="1" name="com.EIDSA.testCases.TC_007_roleDelete_Positive" time="27.914" errors="0" timestamp="2023-03-29T13:51:27 IST" skipped="0">
  <testcase classname="com.EIDSA.testCases.TC_007_roleDelete_Positive" name="roleDelete03" time="27.914"/>
  <system-out/>
</testsuite> <!-- com.EIDSA.testCases.TC_007_roleDelete_Positive -->
