<?xml version="1.0" encoding="UTF-8"?>
<!-- Generated by org.testng.reporters.JUnitReportReporter -->
<testsuite hostname="DESKTOP-2ODO8DJ" failures="0" tests="3" name="com.EIDSA.testCases.TC_014_StudyVisit_Negative" time="56.345" errors="0" timestamp="2023-11-29T10:07:31 IST" skipped="0">
  <testcase classname="com.EIDSA.testCases.TC_014_StudyVisit_Negative" name="visitCreation_negative1" time="27.305"/>
  <testcase classname="com.EIDSA.testCases.TC_014_StudyVisit_Negative" name="negative2" time="13.433"/>
  <testcase classname="com.EIDSA.testCases.TC_014_StudyVisit_Negative" name="visitCreation_negative" time="15.607"/>
</testsuite> <!-- com.EIDSA.testCases.TC_014_StudyVisit_Negative -->
