<?xml version="1.0" encoding="UTF-8"?>
<!-- Generated by org.testng.reporters.JUnitReportReporter -->
<testsuite hostname="DM-LT5" failures="0" tests="5" name="com.EIDSA.testCases.TC_007_Users_Positive" time="80.393" errors="0" timestamp="2024-06-07T14:38:36 IST" skipped="0">
  <testcase classname="com.EIDSA.testCases.TC_007_Users_Positive" name="userCreation" time="28.218"/>
  <system-out/>
  <testcase classname="com.EIDSA.testCases.TC_007_Users_Positive" name="EmailOrNameSearch" time="10.542"/>
  <system-out/>
  <testcase classname="com.EIDSA.testCases.TC_007_Users_Positive" name="RoleSearch" time="16.899"/>
  <system-out/>
  <testcase classname="com.EIDSA.testCases.TC_007_Users_Positive" name="userEdit" time="16.209"/>
  <system-out/>
  <testcase classname="com.EIDSA.testCases.TC_007_Users_Positive" name="userDelete" time="8.525"/>
  <system-out/>
</testsuite> <!-- com.EIDSA.testCases.TC_007_Users_Positive -->
