<?xml version="1.0" encoding="UTF-8"?>
<!-- Generated by org.testng.reporters.JUnitReportReporter -->
<testsuite hostname="DESKTOP-2ODO8DJ" failures="0" tests="2" name="com.EIDSA.testCases.TC_039_Users_Positive" time="72.894" errors="0" timestamp="2023-05-17T10:50:17 IST" skipped="0">
  <testcase classname="com.EIDSA.testCases.TC_039_Users_Positive" name="EmailSearch" time="36.996"/>
  <system-out/>
  <testcase classname="com.EIDSA.testCases.TC_039_Users_Positive" name="RoleSearch" time="35.898"/>
  <system-out/>
</testsuite> <!-- com.EIDSA.testCases.TC_039_Users_Positive -->
