<?xml version="1.0" encoding="UTF-8"?>
<!-- Generated by org.testng.reporters.JUnitReportReporter -->
<testsuite hostname="DESKTOP-2ODO8DJ" failures="0" tests="1" name="com.EIDSA.testCases.TC_041_NurseDashboard_Positive" time="12.652" errors="0" timestamp="2023-05-17T10:54:40 IST" skipped="0">
  <testcase classname="com.EIDSA.testCases.TC_041_NurseDashboard_Positive" name="NurseDashboard" time="12.652"/>
  <system-out/>
</testsuite> <!-- com.EIDSA.testCases.TC_041_NurseDashboard_Positive -->
