<?xml version="1.0" encoding="UTF-8"?>
<!-- Generated by org.testng.reporters.JUnitReportReporter -->
<testsuite hostname="DESKTOP-2ODO8DJ" failures="0" tests="3" name="com.EIDSA.testCases.TC_041_SubjectSchedule_Negative" time="14.598" errors="0" timestamp="2023-04-25T06:15:02 IST" skipped="0">
  <testcase classname="com.EIDSA.testCases.TC_041_SubjectSchedule_Negative" name="negative1" time="5.087"/>
  <system-out/>
  <testcase classname="com.EIDSA.testCases.TC_041_SubjectSchedule_Negative" name="negative2" time="4.383"/>
  <system-out/>
  <testcase classname="com.EIDSA.testCases.TC_041_SubjectSchedule_Negative" name="negative3" time="5.128"/>
  <system-out/>
</testsuite> <!-- com.EIDSA.testCases.TC_041_SubjectSchedule_Negative -->
