<?xml version="1.0" encoding="UTF-8"?>
<!-- Generated by org.testng.reporters.JUnitReportReporter -->
<testsuite hostname="DM-LT5" failures="0" tests="1" name="com.EIDSA.testCases.TC_010_UnsheduledVisit" time="62.763" errors="0" timestamp="2024-06-13T13:33:39 IST" skipped="0">
  <testcase classname="com.EIDSA.testCases.TC_010_UnsheduledVisit" name="unsheduledVisitCreation" time="62.763"/>
  <system-out/>
</testsuite> <!-- com.EIDSA.testCases.TC_010_UnsheduledVisit -->
