<?xml version="1.0" encoding="UTF-8"?>
<!-- Generated by org.testng.reporters.JUnitReportReporter -->
<testsuite hostname="DESKTOP-2ODO8DJ" failures="0" tests="3" name="com.EIDSA.testCases.TC_014_StudyVisit_Negative" time="152.388" errors="0" timestamp="2023-05-15T12:33:36 IST" skipped="0">
  <testcase classname="com.EIDSA.testCases.TC_014_StudyVisit_Negative" name="visitCreation_negative1" time="47.266"/>
  <system-out/>
  <testcase classname="com.EIDSA.testCases.TC_014_StudyVisit_Negative" name="negative2" time="54.120"/>
  <system-out/>
  <testcase classname="com.EIDSA.testCases.TC_014_StudyVisit_Negative" name="visitCreation_negative" time="51.002"/>
  <system-out/>
</testsuite> <!-- com.EIDSA.testCases.TC_014_StudyVisit_Negative -->
