<?xml version="1.0" encoding="UTF-8"?>
<!-- Generated by org.testng.reporters.JUnitReportReporter -->
<testsuite hostname="DESKTOP-2ODO8DJ" failures="0" tests="4" name="com.EIDSA.testCases.TC_069_Folder_Document_Negative" time="149.551" errors="0" timestamp="2023-06-01T15:45:15 IST" skipped="0">
  <testcase classname="com.EIDSA.testCases.TC_069_Folder_Document_Negative" name="negative_1" time="32.779"/>
  <system-out/>
  <testcase classname="com.EIDSA.testCases.TC_069_Folder_Document_Negative" name="negative_2" time="37.788"/>
  <system-out/>
  <testcase classname="com.EIDSA.testCases.TC_069_Folder_Document_Negative" name="negative_3" time="40.370"/>
  <system-out/>
  <testcase classname="com.EIDSA.testCases.TC_069_Folder_Document_Negative" name="negative_4" time="38.614"/>
  <system-out/>
</testsuite> <!-- com.EIDSA.testCases.TC_069_Folder_Document_Negative -->
