<?xml version="1.0" encoding="UTF-8"?>
<!-- Generated by org.testng.reporters.JUnitReportReporter -->
<testsuite hostname="DESKTOP-2ODO8DJ" failures="0" tests="4" name="com.EIDSA.testCases.TC_049_DataEntry_Positive" time="158.184" errors="0" timestamp="2023-05-17T11:44:10 IST" skipped="0">
  <testcase classname="com.EIDSA.testCases.TC_049_DataEntry_Positive" name="VisitNumberSearchValidation" time="35.120"/>
  <system-out/>
  <testcase classname="com.EIDSA.testCases.TC_049_DataEntry_Positive" name="VisitNameSearchValidation" time="39.300"/>
  <system-out/>
  <testcase classname="com.EIDSA.testCases.TC_049_DataEntry_Positive" name="SaveForm" time="42.666"/>
  <system-out/>
  <testcase classname="com.EIDSA.testCases.TC_049_DataEntry_Positive" name="ReviewAndSubmitForm" time="41.098"/>
  <system-out/>
</testsuite> <!-- com.EIDSA.testCases.TC_049_DataEntry_Positive -->
