<?xml version="1.0" encoding="UTF-8"?>
<!-- Generated by org.testng.reporters.JUnitReportReporter -->
<testsuite hostname="DESKTOP-2ODO8DJ" failures="0" tests="5" name="com.EIDSA.testCases.TC_067_DocumentApproval_Positive" time="197.992" errors="0" timestamp="2023-05-17T14:09:49 IST" skipped="0">
  <testcase classname="com.EIDSA.testCases.TC_067_DocumentApproval_Positive" name="documentNameSearchValidation" time="38.571"/>
  <system-out/>
  <testcase classname="com.EIDSA.testCases.TC_067_DocumentApproval_Positive" name="documentDateSearchValidation" time="41.349"/>
  <system-out/>
  <testcase classname="com.EIDSA.testCases.TC_067_DocumentApproval_Positive" name="Approver" time="40.280"/>
  <system-out/>
  <testcase classname="com.EIDSA.testCases.TC_067_DocumentApproval_Positive" name="View" time="40.144"/>
  <system-out/>
  <testcase classname="com.EIDSA.testCases.TC_067_DocumentApproval_Positive" name="Download" time="37.648"/>
  <system-out/>
</testsuite> <!-- com.EIDSA.testCases.TC_067_DocumentApproval_Positive -->
