<?xml version="1.0" encoding="UTF-8"?>
<!-- Generated by org.testng.reporters.JUnitReportReporter -->
<testsuite hostname="DESKTOP-2ODO8DJ" failures="0" tests="6" name="com.EIDSA.testCases.TC_012_study_Negative" time="87.953" errors="0" timestamp="2023-11-27T11:35:09 IST" skipped="0">
  <testcase classname="com.EIDSA.testCases.TC_012_study_Negative" name="Study_negative1" time="22.451"/>
  <testcase classname="com.EIDSA.testCases.TC_012_study_Negative" name="Study_negative2" time="11.345"/>
  <testcase classname="com.EIDSA.testCases.TC_012_study_Negative" name="Folder_negative3" time="19.918"/>
  <testcase classname="com.EIDSA.testCases.TC_012_study_Negative" name="Folder_negative4" time="10.722"/>
  <testcase classname="com.EIDSA.testCases.TC_012_study_Negative" name="Folder_negative5" time="12.698"/>
  <testcase classname="com.EIDSA.testCases.TC_012_study_Negative" name="editDocument_Negative6" time="10.819"/>
</testsuite> <!-- com.EIDSA.testCases.TC_012_study_Negative -->
