<?xml version="1.0" encoding="UTF-8"?>
<!-- Generated by org.testng.reporters.JUnitReportReporter -->
<testsuite hostname="DESKTOP-2ODO8DJ" failures="0" tests="3" name="com.EIDSA.testCases.TC_011_userCreation_Positive" time="139.316" errors="0" timestamp="2023-05-04T09:59:17 IST" skipped="0">
  <testcase classname="com.EIDSA.testCases.TC_011_userCreation_Positive" name="StudyPage" time="85.420"/>
  <system-out/>
  <testcase classname="com.EIDSA.testCases.TC_011_userCreation_Positive" name="EmailSearch" time="29.868"/>
  <system-out/>
  <testcase classname="com.EIDSA.testCases.TC_011_userCreation_Positive" name="RoleSearch" time="24.028"/>
  <system-out/>
</testsuite> <!-- com.EIDSA.testCases.TC_011_userCreation_Positive -->
