<?xml version="1.0" encoding="UTF-8"?>
<!-- Generated by org.testng.reporters.JUnitReportReporter -->
<testsuite hostname="DESKTOP-2ODO8DJ" failures="0" tests="6" name="com.EIDSA.testCases.TC_016_site_Negative" time="94.169" errors="0" timestamp="2023-11-29T16:18:22 IST" skipped="0">
  <testcase classname="com.EIDSA.testCases.TC_016_site_Negative" name="siteCreationNegative" time="24.071"/>
  <testcase classname="com.EIDSA.testCases.TC_016_site_Negative" name="duplicateAlert" time="17.135"/>
  <testcase classname="com.EIDSA.testCases.TC_016_site_Negative" name="Folder_negative3" time="18.605"/>
  <testcase classname="com.EIDSA.testCases.TC_016_site_Negative" name="Folder_negative4" time="10.913"/>
  <testcase classname="com.EIDSA.testCases.TC_016_site_Negative" name="Folder_negative5" time="12.713"/>
  <testcase classname="com.EIDSA.testCases.TC_016_site_Negative" name="editDocument_Negative6" time="10.732"/>
</testsuite> <!-- com.EIDSA.testCases.TC_016_site_Negative -->
