<?xml version="1.0" encoding="UTF-8"?>
<!-- Generated by org.testng.reporters.JUnitReportReporter -->
<testsuite hostname="DESKTOP-2ODO8DJ" failures="0" tests="1" name="com.EIDSA.testCases.TC_066_DesignForm_Negative" time="171.936" errors="0" timestamp="2023-05-31T14:40:34 IST" skipped="0">
  <testcase classname="com.EIDSA.testCases.TC_066_DesignForm_Negative" name="DesignComplete" time="171.936"/>
  <system-out/>
</testsuite> <!-- com.EIDSA.testCases.TC_066_DesignForm_Negative -->
