<?xml version="1.0" encoding="UTF-8"?>
<!-- Generated by org.testng.reporters.JUnitReportReporter -->
<testsuite hostname="DM-LT8" failures="0" tests="3" name="com.EIDSA.testCases.TC_008_Study_Positive" time="31.078" errors="0" timestamp="2024-04-16T16:54:46 IST" skipped="0">
  <testcase classname="com.EIDSA.testCases.TC_008_Study_Positive" name="createStudy" time="10.517"/>
  <system-out/>
  <testcase classname="com.EIDSA.testCases.TC_008_Study_Positive" name="editStudy" time="8.355"/>
  <system-out/>
  <testcase classname="com.EIDSA.testCases.TC_008_Study_Positive" name="deleteStudy" time="12.206"/>
  <system-out/>
</testsuite> <!-- com.EIDSA.testCases.TC_008_Study_Positive -->
