<?xml version="1.0" encoding="UTF-8"?>
<!-- Generated by org.testng.reporters.JUnitReportReporter -->
<testsuite hostname="DESKTOP-2ODO8DJ" failures="0" tests="1" name="com.EIDSA.testCases.TC_027_SitePrivilege_Positive" time="22.314" errors="0" timestamp="2023-11-23T13:06:35 IST" skipped="0">
  <testcase classname="com.EIDSA.testCases.TC_027_SitePrivilege_Positive" name="SitePrivilege" time="22.314"/>
</testsuite> <!-- com.EIDSA.testCases.TC_027_SitePrivilege_Positive -->
