<?xml version="1.0" encoding="UTF-8"?>
<!-- Generated by org.testng.reporters.JUnitReportReporter -->
<testsuite hostname="DESKTOP-2ODO8DJ" failures="0" tests="2" name="com.EIDSA.testCases.TC_029_FieldPrivilege_Negative" time="42.270" errors="0" timestamp="2023-11-23T13:59:22 IST" skipped="0">
  <testcase classname="com.EIDSA.testCases.TC_029_FieldPrivilege_Negative" name="negative1" time="24.323"/>
  <testcase classname="com.EIDSA.testCases.TC_029_FieldPrivilege_Negative" name="negative2" time="17.947"/>
</testsuite> <!-- com.EIDSA.testCases.TC_029_FieldPrivilege_Negative -->
