<?xml version="1.0" encoding="UTF-8"?>
<!-- Generated by org.testng.reporters.JUnitReportReporter -->
<testsuite hostname="DESKTOP-2ODO8DJ" failures="0" tests="1" name="com.EIDSA.testCases.TC_044_NurseDashboard" time="14.115" errors="0" timestamp="2023-04-26T12:23:39 IST" skipped="0">
  <testcase classname="com.EIDSA.testCases.TC_044_NurseDashboard" name="NurseDashboard" time="14.115"/>
  <system-out/>
</testsuite> <!-- com.EIDSA.testCases.TC_044_NurseDashboard -->
