<?xml version="1.0" encoding="UTF-8"?>
<!-- Generated by org.testng.reporters.JUnitReportReporter -->
<testsuite hostname="DESKTOP-2ODO8DJ" failures="0" tests="3" name="com.EIDSA.testCases.TC_018_Subject_Negative" time="73.774" errors="0" timestamp="2023-05-15T14:53:56 IST" skipped="0">
  <testcase classname="com.EIDSA.testCases.TC_018_Subject_Negative" name="subjectCreationNegative" time="19.789"/>
  <system-out/>
  <testcase classname="com.EIDSA.testCases.TC_018_Subject_Negative" name="duplicateSub" time="31.808"/>
  <system-out/>
  <testcase classname="com.EIDSA.testCases.TC_018_Subject_Negative" name="CompleteSubjectWithEnrolledStatus" time="22.177"/>
  <system-out/>
</testsuite> <!-- com.EIDSA.testCases.TC_018_Subject_Negative -->
