<?xml version="1.0" encoding="UTF-8"?>
<!-- Generated by org.testng.reporters.JUnitReportReporter -->
<testsuite hostname="DESKTOP-2ODO8DJ" failures="0" tests="1" name="com.EIDSA.testCases.TC_021_Subject_Negative" time="12.049" errors="0" timestamp="2023-04-12T15:41:22 IST" skipped="0">
  <testcase classname="com.EIDSA.testCases.TC_021_Subject_Negative" name="subjectCreationNegative" time="12.049"/>
  <system-out/>
</testsuite> <!-- com.EIDSA.testCases.TC_021_Subject_Negative -->
