<?xml version="1.0" encoding="UTF-8"?>
<!-- Generated by org.testng.reporters.JUnitReportReporter -->
<testsuite hostname="DM-LT5" failures="0" tests="1" name="com.EIDSA.testCases.TC_015_SitePrivilege" time="22.827" errors="0" timestamp="2024-06-18T07:46:14 IST" skipped="0">
  <testcase classname="com.EIDSA.testCases.TC_015_SitePrivilege" name="SitePrivilege" time="22.827"/>
  <system-out/>
</testsuite> <!-- com.EIDSA.testCases.TC_015_SitePrivilege -->
