<?xml version="1.0" encoding="UTF-8"?>
<!-- Generated by org.testng.reporters.JUnitReportReporter -->
<testsuite hostname="DESKTOP-2ODO8DJ" failures="0" tests="7" name="com.EIDSA.testCases.TC_018_Subject_Negative" time="125.802" errors="0" timestamp="2023-11-30T14:16:39 IST" skipped="0">
  <testcase classname="com.EIDSA.testCases.TC_018_Subject_Negative" name="subjectCreationNegative" time="23.089"/>
  <testcase classname="com.EIDSA.testCases.TC_018_Subject_Negative" name="duplicateSub" time="26.756"/>
  <testcase classname="com.EIDSA.testCases.TC_018_Subject_Negative" name="CompleteSubjectWithEnrolledStatus" time="18.199"/>
  <testcase classname="com.EIDSA.testCases.TC_018_Subject_Negative" name="Folder_negative4" time="22.372"/>
  <testcase classname="com.EIDSA.testCases.TC_018_Subject_Negative" name="Folder_negative5" time="11.233"/>
  <testcase classname="com.EIDSA.testCases.TC_018_Subject_Negative" name="Folder_negative6" time="13.057"/>
  <testcase classname="com.EIDSA.testCases.TC_018_Subject_Negative" name="editDocument_Negative7" time="11.096"/>
</testsuite> <!-- com.EIDSA.testCases.TC_018_Subject_Negative -->
