<?xml version="1.0" encoding="UTF-8"?>
<!-- Generated by org.testng.reporters.JUnitReportReporter -->
<testsuite hostname="DESKTOP-2ODO8DJ" failures="0" tests="2" name="com.EIDSA.testCases.TC_011_userCreation_Positive" time="36.896" errors="0" timestamp="2023-03-30T08:11:21 IST" skipped="0">
  <testcase classname="com.EIDSA.testCases.TC_011_userCreation_Positive" name="StudyPage" time="16.870"/>
  <system-out/>
  <testcase classname="com.EIDSA.testCases.TC_011_userCreation_Positive" name="StudyPage" time="20.026"/>
  <system-out/>
</testsuite> <!-- com.EIDSA.testCases.TC_011_userCreation_Positive -->
