<?xml version="1.0" encoding="UTF-8"?>
<!-- Generated by org.testng.reporters.JUnitReportReporter -->
<testsuite hostname="DESKTOP-2ODO8DJ" failures="0" tests="4" name="com.EIDSA.testCases.TC_002_LoginTest_Negative" time="7.386" errors="0" timestamp="2023-03-28T10:24:44 IST" skipped="0">
  <testcase classname="com.EIDSA.testCases.TC_002_LoginTest_Negative" name="LoginTestNegative" time="0.962"/>
  <system-out/>
  <testcase classname="com.EIDSA.testCases.TC_002_LoginTest_Negative" name="LoginTestNegative" time="0.975"/>
  <system-out/>
  <testcase classname="com.EIDSA.testCases.TC_002_LoginTest_Negative" name="LoginTestNegative" time="4.582"/>
  <system-out/>
  <testcase classname="com.EIDSA.testCases.TC_002_LoginTest_Negative" name="LoginTestNegative" time="0.867"/>
  <system-out/>
</testsuite> <!-- com.EIDSA.testCases.TC_002_LoginTest_Negative -->
