<?xml version="1.0" encoding="UTF-8"?>
<!-- Generated by org.testng.reporters.JUnitReportReporter -->
<testsuite hostname="DESKTOP-2ODO8DJ" failures="0" tests="1" name="com.EIDSA.testCases.TC_047_IOTDevices_Positive" time="13.364" errors="0" timestamp="2023-05-17T11:35:26 IST" skipped="0">
  <testcase classname="com.EIDSA.testCases.TC_047_IOTDevices_Positive" name="IOTDevices" time="13.364"/>
  <system-out/>
</testsuite> <!-- com.EIDSA.testCases.TC_047_IOTDevices_Positive -->
