<?xml version="1.0" encoding="UTF-8"?>
<!-- Generated by org.testng.reporters.JUnitReportReporter -->
<testsuite hostname="DM-LT5" failures="0" tests="14" name="com.EIDSA.testCases.TC_020_SubmittedForm" time="250.470" errors="0" timestamp="2024-06-19T09:00:25 IST" skipped="0">
  <testcase classname="com.EIDSA.testCases.TC_020_SubmittedForm" name="uploadDocument" time="44.401"/>
  <system-out/>
  <testcase classname="com.EIDSA.testCases.TC_020_SubmittedForm" name="viewUploadedDocument" time="15.800"/>
  <system-out/>
  <testcase classname="com.EIDSA.testCases.TC_020_SubmittedForm" name="downloadDocument" time="20.297"/>
  <system-out/>
  <testcase classname="com.EIDSA.testCases.TC_020_SubmittedForm" name="downloadPdf" time="4.461"/>
  <system-out/>
  <testcase classname="com.EIDSA.testCases.TC_020_SubmittedForm" name="formQuery" time="26.753"/>
  <system-out/>
  <testcase classname="com.EIDSA.testCases.TC_020_SubmittedForm" name="openQuery" time="13.400"/>
  <system-out/>
  <testcase classname="com.EIDSA.testCases.TC_020_SubmittedForm" name="closedQuery" time="6.239"/>
  <system-out/>
  <testcase classname="com.EIDSA.testCases.TC_020_SubmittedForm" name="pageQuery" time="26.159"/>
  <system-out/>
  <testcase classname="com.EIDSA.testCases.TC_020_SubmittedForm" name="sign" time="21.081"/>
  <system-out/>
  <testcase classname="com.EIDSA.testCases.TC_020_SubmittedForm" name="DataVerification" time="6.225"/>
  <system-out/>
  <testcase classname="com.EIDSA.testCases.TC_020_SubmittedForm" name="fieldQuery" time="30.215"/>
  <system-out/>
  <testcase classname="com.EIDSA.testCases.TC_020_SubmittedForm" name="verify" time="7.115"/>
  <system-out/>
  <testcase classname="com.EIDSA.testCases.TC_020_SubmittedForm" name="pageSave" time="7.179"/>
  <system-out/>
  <testcase classname="com.EIDSA.testCases.TC_020_SubmittedForm" name="archive" time="21.145"/>
  <system-out/>
</testsuite> <!-- com.EIDSA.testCases.TC_020_SubmittedForm -->
