<?xml version="1.0" encoding="UTF-8"?>
<!-- Generated by org.testng.reporters.JUnitReportReporter -->
<testsuite hostname="DESKTOP-2ODO8DJ" failures="0" tests="1" name="com.EIDSA.testCases.TC_015_auditTrail_Positive" time="31.341" errors="0" timestamp="2023-05-11T09:37:08 IST" skipped="0">
  <testcase classname="com.EIDSA.testCases.TC_015_auditTrail_Positive" name="auditTrail" time="31.341"/>
  <system-out/>
</testsuite> <!-- com.EIDSA.testCases.TC_015_auditTrail_Positive -->
