<?xml version="1.0" encoding="UTF-8"?>
<!-- Generated by org.testng.reporters.JUnitReportReporter -->
<testsuite hostname="DESKTOP-2ODO8DJ" failures="0" tests="2" name="com.EIDSA.testCases.TC_012_study_Negative" time="58.336" errors="0" timestamp="2023-05-15T11:54:40 IST" skipped="0">
  <testcase classname="com.EIDSA.testCases.TC_012_study_Negative" name="Study_negative1" time="29.701"/>
  <system-out/>
  <testcase classname="com.EIDSA.testCases.TC_012_study_Negative" name="Study_negative2" time="28.635"/>
  <system-out/>
</testsuite> <!-- com.EIDSA.testCases.TC_012_study_Negative -->
