<?xml version="1.0" encoding="UTF-8"?>
<!-- Generated by org.testng.reporters.JUnitReportReporter -->
<testsuite hostname="DM-LT5" failures="0" tests="3" name="com.EIDSA.testCases.TC_008_Study_Positive" time="32.610" errors="0" timestamp="2024-06-05T20:43:58 IST" skipped="0">
  <testcase classname="com.EIDSA.testCases.TC_008_Study_Positive" name="createStudy" time="11.116"/>
  <system-out/>
  <testcase classname="com.EIDSA.testCases.TC_008_Study_Positive" name="editStudy" time="8.697"/>
  <system-out/>
  <testcase classname="com.EIDSA.testCases.TC_008_Study_Positive" name="deleteStudy" time="12.797"/>
  <system-out/>
</testsuite> <!-- com.EIDSA.testCases.TC_008_Study_Positive -->
