<?xml version="1.0" encoding="UTF-8"?>
<!-- Generated by org.testng.reporters.JUnitReportReporter -->
<testsuite hostname="DESKTOP-2ODO8DJ" failures="0" tests="2" name="com.EIDSA.testCases.TC_020_Sub_VisitSchedule_Negative" time="77.783" errors="0" timestamp="2023-12-01T11:14:43 IST" skipped="0">
  <testcase classname="com.EIDSA.testCases.TC_020_Sub_VisitSchedule_Negative" name="VisitSchedule" time="41.911"/>
  <testcase classname="com.EIDSA.testCases.TC_020_Sub_VisitSchedule_Negative" name="unsheduledVisitCreation" time="35.872"/>
</testsuite> <!-- com.EIDSA.testCases.TC_020_Sub_VisitSchedule_Negative -->
