<?xml version="1.0" encoding="UTF-8"?>
<!-- Generated by org.testng.reporters.JUnitReportReporter -->
<testsuite hostname="DESKTOP-2ODO8DJ" failures="0" tests="1" name="com.EIDSA.testCases.TC_007_rolePrivilege_Positive" time="46.087" errors="0" timestamp="2023-05-11T16:16:22 IST" skipped="0">
  <testcase classname="com.EIDSA.testCases.TC_007_rolePrivilege_Positive" name="RolePrivilege" time="46.087"/>
  <system-out/>
</testsuite> <!-- com.EIDSA.testCases.TC_007_rolePrivilege_Positive -->
