<?xml version="1.0" encoding="UTF-8"?>
<!-- Generated by org.testng.reporters.JUnitReportReporter -->
<testsuite hostname="DESKTOP-2ODO8DJ" failures="0" tests="2" name="com.EIDSA.testCases.TC_071_StudyVisit_Negative" time="96.721" errors="0" timestamp="2023-05-04T07:38:39 IST" skipped="0">
  <testcase classname="com.EIDSA.testCases.TC_071_StudyVisit_Negative" name="visitCreation_negative1" time="43.909"/>
  <system-out/>
  <testcase classname="com.EIDSA.testCases.TC_071_StudyVisit_Negative" name="negative2" time="52.812"/>
  <system-out/>
</testsuite> <!-- com.EIDSA.testCases.TC_071_StudyVisit_Negative -->
