<?xml version="1.0" encoding="UTF-8"?>
<!-- Generated by org.testng.reporters.JUnitReportReporter -->
<testsuite hostname="DESKTOP-2ODO8DJ" failures="0" tests="5" name="com.EIDSA.testCases.TC_039_ArchiveForms_Positive" time="58.683" errors="0" timestamp="2023-04-25T05:20:14 IST" skipped="0">
  <testcase classname="com.EIDSA.testCases.TC_039_ArchiveForms_Positive" name="siteCodeSearch" time="12.450"/>
  <system-out/>
  <testcase classname="com.EIDSA.testCases.TC_039_ArchiveForms_Positive" name="subjectIdSearch" time="17.665"/>
  <system-out/>
  <testcase classname="com.EIDSA.testCases.TC_039_ArchiveForms_Positive" name="VisitNameSearch" time="9.413"/>
  <system-out/>
  <testcase classname="com.EIDSA.testCases.TC_039_ArchiveForms_Positive" name="statusSearch" time="13.725"/>
  <system-out/>
  <testcase classname="com.EIDSA.testCases.TC_039_ArchiveForms_Positive" name="clickView" time="5.430"/>
  <system-out/>
</testsuite> <!-- com.EIDSA.testCases.TC_039_ArchiveForms_Positive -->
