<?xml version="1.0" encoding="UTF-8"?>
<!-- Generated by org.testng.reporters.JUnitReportReporter -->
<testsuite hostname="DESKTOP-2ODO8DJ" failures="0" tests="1" name="com.EIDSA.testCases.TC_030_SitePrivilege_Positive" time="21.074" errors="0" timestamp="2023-04-21T13:10:42 IST" skipped="0">
  <testcase classname="com.EIDSA.testCases.TC_030_SitePrivilege_Positive" name="SitePrivilege" time="21.074"/>
  <system-out/>
</testsuite> <!-- com.EIDSA.testCases.TC_030_SitePrivilege_Positive -->
