<?xml version="1.0" encoding="UTF-8"?>
<!-- Generated by org.testng.reporters.JUnitReportReporter -->
<testsuite hostname="DESKTOP-2ODO8DJ" failures="0" tests="1" name="com.EIDSA.testCases.TC_050_IOTDevices_Positive" time="12.881" errors="0" timestamp="2023-05-02T13:40:34 IST" skipped="0">
  <testcase classname="com.EIDSA.testCases.TC_050_IOTDevices_Positive" name="IOTDevices" time="12.881"/>
  <system-out/>
</testsuite> <!-- com.EIDSA.testCases.TC_050_IOTDevices_Positive -->
