<?xml version="1.0" encoding="UTF-8"?>
<!-- Generated by org.testng.reporters.JUnitReportReporter -->
<testsuite hostname="DM-LT8" failures="0" tests="3" name="com.EIDSA.testCases.TC_007_Users_Positive" time="51.804" errors="0" timestamp="2024-04-16T16:36:01 IST" skipped="0">
  <testcase classname="com.EIDSA.testCases.TC_007_Users_Positive" name="userCreation" time="27.600"/>
  <system-out/>
  <testcase classname="com.EIDSA.testCases.TC_007_Users_Positive" name="userEdit" time="15.725"/>
  <system-out/>
  <testcase classname="com.EIDSA.testCases.TC_007_Users_Positive" name="userDelete" time="8.479"/>
  <system-out/>
</testsuite> <!-- com.EIDSA.testCases.TC_007_Users_Positive -->
