<?xml version="1.0" encoding="UTF-8"?>
<!-- Generated by org.testng.reporters.JUnitReportReporter -->
<testsuite hostname="DESKTOP-2ODO8DJ" failures="0" tests="2" name="com.EIDSA.testCases.TC_050_DataEntry_Negative" time="112.874" errors="0" timestamp="2023-05-17T11:58:46 IST" skipped="0">
  <testcase classname="com.EIDSA.testCases.TC_050_DataEntry_Negative" name="negative1" time="59.879"/>
  <system-out/>
  <testcase classname="com.EIDSA.testCases.TC_050_DataEntry_Negative" name="negative2" time="52.995"/>
  <system-out/>
</testsuite> <!-- com.EIDSA.testCases.TC_050_DataEntry_Negative -->
